<?xml version="1.0" encoding="UTF-8"?>
<coverage generated="1568732945470" clover="3.2.0">
  <project timestamp="1568732945470" name="All files">
    <metrics statements="123" coveredstatements="65" conditionals="140" coveredconditionals="59" methods="42" coveredmethods="23" elements="305" coveredelements="147" complexity="0" loc="123" ncloc="123" packages="1" files="3" classes="3"/>
    <file name="constants.js" path="/Users/egorderyabin/WebstormProjects/rn-sliding-view/constants.js">
      <metrics statements="4" coveredstatements="4" conditionals="0" coveredconditionals="0" methods="0" coveredmethods="0"/>
      <line num="1" count="1" type="stmt"/>
      <line num="2" count="1" type="stmt"/>
      <line num="5" count="1" type="stmt"/>
      <line num="9" count="1" type="stmt"/>
    </file>
    <file name="index.js" path="/Users/egorderyabin/WebstormProjects/rn-sliding-view/index.js">
      <metrics statements="115" coveredstatements="57" conditionals="140" coveredconditionals="59" methods="42" coveredmethods="23"/>
      <line num="1" count="1" type="stmt"/>
      <line num="3" count="1" type="stmt"/>
      <line num="4" count="1" type="stmt"/>
      <line num="5" count="1" type="stmt"/>
      <line num="6" count="1" type="stmt"/>
      <line num="7" count="1" type="stmt"/>
      <line num="11" count="1" type="stmt"/>
      <line num="12" count="30" type="cond" truecount="37" falsecount="27"/>
      <line num="35" count="6" type="stmt"/>
      <line num="73" count="3" type="stmt"/>
      <line num="75" count="3" type="stmt"/>
      <line num="78" count="0" type="cond" truecount="0" falsecount="2"/>
      <line num="79" count="0" type="stmt"/>
      <line num="81" count="0" type="stmt"/>
      <line num="82" count="3" type="stmt"/>
      <line num="85" count="0" type="stmt"/>
      <line num="86" count="0" type="stmt"/>
      <line num="87" count="0" type="stmt"/>
      <line num="88" count="0" type="stmt"/>
      <line num="89" count="0" type="stmt"/>
      <line num="90" count="0" type="stmt"/>
      <line num="92" count="0" type="cond" truecount="0" falsecount="2"/>
      <line num="93" count="0" type="cond" truecount="0" falsecount="2"/>
      <line num="94" count="0" type="cond" truecount="0" falsecount="2"/>
      <line num="95" count="0" type="stmt"/>
      <line num="96" count="0" type="cond" truecount="0" falsecount="2"/>
      <line num="97" count="0" type="stmt"/>
      <line num="99" count="0" type="stmt"/>
      <line num="100" count="3" type="stmt"/>
      <line num="103" count="0" type="stmt"/>
      <line num="104" count="0" type="stmt"/>
      <line num="105" count="0" type="stmt"/>
      <line num="106" count="0" type="stmt"/>
      <line num="107" count="0" type="stmt"/>
      <line num="108" count="0" type="stmt"/>
      <line num="110" count="0" type="cond" truecount="0" falsecount="2"/>
      <line num="111" count="0" type="cond" truecount="0" falsecount="2"/>
      <line num="112" count="0" type="stmt"/>
      <line num="113" count="0" type="cond" truecount="0" falsecount="2"/>
      <line num="114" count="0" type="stmt"/>
      <line num="116" count="0" type="stmt"/>
      <line num="117" count="3" type="stmt"/>
      <line num="120" count="0" type="stmt"/>
      <line num="121" count="0" type="cond" truecount="0" falsecount="2"/>
      <line num="122" count="0" type="cond" truecount="0" falsecount="2"/>
      <line num="123" count="0" type="stmt"/>
      <line num="124" count="3" type="stmt"/>
      <line num="127" count="0" type="stmt"/>
      <line num="128" count="0" type="stmt"/>
      <line num="129" count="0" type="stmt"/>
      <line num="130" count="0" type="stmt"/>
      <line num="131" count="0" type="cond" truecount="0" falsecount="2"/>
      <line num="135" count="0" type="stmt"/>
      <line num="139" count="0" type="stmt"/>
      <line num="141" count="0" type="stmt"/>
      <line num="142" count="3" type="stmt"/>
      <line num="145" count="0" type="stmt"/>
      <line num="146" count="0" type="stmt"/>
      <line num="147" count="0" type="stmt"/>
      <line num="148" count="0" type="stmt"/>
      <line num="149" count="0" type="cond" truecount="0" falsecount="2"/>
      <line num="153" count="0" type="stmt"/>
      <line num="157" count="0" type="stmt"/>
      <line num="159" count="0" type="stmt"/>
      <line num="160" count="3" type="stmt"/>
      <line num="167" count="8" type="stmt"/>
      <line num="168" count="8" type="stmt"/>
      <line num="169" count="8" type="cond" truecount="2" falsecount="0"/>
      <line num="170" count="3" type="stmt"/>
      <line num="176" count="0" type="stmt"/>
      <line num="177" count="0" type="stmt"/>
      <line num="178" count="0" type="stmt"/>
      <line num="179" count="0" type="stmt"/>
      <line num="180" count="0" type="cond" truecount="0" falsecount="2"/>
      <line num="181" count="0" type="cond" truecount="0" falsecount="2"/>
      <line num="182" count="0" type="cond" truecount="0" falsecount="2"/>
      <line num="183" count="0" type="cond" truecount="0" falsecount="2"/>
      <line num="184" count="0" type="stmt"/>
      <line num="185" count="3" type="stmt"/>
      <line num="192" count="2" type="stmt"/>
      <line num="193" count="2" type="stmt"/>
      <line num="194" count="2" type="stmt"/>
      <line num="199" count="3" type="stmt"/>
      <line num="205" count="3" type="stmt"/>
      <line num="206" count="3" type="stmt"/>
      <line num="207" count="3" type="cond" truecount="2" falsecount="0"/>
      <line num="208" count="3" type="cond" truecount="2" falsecount="0"/>
      <line num="209" count="2" type="stmt"/>
      <line num="213" count="3" type="stmt"/>
      <line num="216" count="1" type="stmt"/>
      <line num="217" count="1" type="cond" truecount="3" falsecount="1"/>
      <line num="218" count="1" type="stmt"/>
      <line num="219" count="3" type="stmt"/>
      <line num="222" count="1" type="stmt"/>
      <line num="223" count="1" type="cond" truecount="1" falsecount="1"/>
      <line num="224" count="1" type="cond" truecount="1" falsecount="1"/>
      <line num="225" count="0" type="stmt"/>
      <line num="226" count="3" type="stmt"/>
      <line num="229" count="6" type="stmt"/>
      <line num="230" count="6" type="stmt"/>
      <line num="231" count="6" type="stmt"/>
      <line num="232" count="6" type="stmt"/>
      <line num="233" count="6" type="cond" truecount="2" falsecount="0"/>
      <line num="234" count="6" type="stmt"/>
      <line num="235" count="6" type="cond" truecount="1" falsecount="1"/>
      <line num="236" count="6" type="cond" truecount="1" falsecount="1"/>
      <line num="237" count="6" type="cond" truecount="2" falsecount="0"/>
      <line num="238" count="3" type="stmt"/>
      <line num="239" count="6" type="stmt"/>
      <line num="240" count="3" type="cond" truecount="2" falsecount="6"/>
      <line num="243" count="6" type="stmt"/>
      <line num="244" count="6" type="cond" truecount="1" falsecount="1"/>
      <line num="245" count="6" type="stmt"/>
      <line num="250" count="1" type="stmt"/>
      <line num="253" count="1" type="stmt"/>
    </file>
    <file name="styles.js" path="/Users/egorderyabin/WebstormProjects/rn-sliding-view/styles.js">
      <metrics statements="4" coveredstatements="4" conditionals="0" coveredconditionals="0" methods="0" coveredmethods="0"/>
      <line num="1" count="1" type="stmt"/>
      <line num="2" count="1" type="stmt"/>
      <line num="7" count="1" type="stmt"/>
      <line num="18" count="1" type="stmt"/>
    </file>
  </project>
</coverage>
