{"/Users/egorderyabin/WebstormProjects/rn-sliding-view/constants.js": {"path":"/Users/egorderyabin/WebstormProjects/rn-sliding-view/constants.js","statementMap":{"0":{"start":{"line":1,"column":13},"end":{"line":1,"column":75}},"1":{"start":{"line":1,"column":75},"end":{"line":1,"column":119}},"2":{"start":{"line":1,"column":132},"end":{"line":2,"column":61}},"3":{"start":{"line":2,"column":62},"end":{"line":2,"column":86}},"4":{"start":{"line":5,"column":16},"end":{"line":9,"column":18}},"5":{"start":{"line":9,"column":19},"end":{"line":9,"column":49}}},"fnMap":{},"branchMap":{},"s":{"0":1,"1":1,"2":1,"3":1,"4":1,"5":1},"f":{},"b":{},"_coverageSchema":"43e27e138ebf9cfc5966b082cf9a028302ed4184","hash":"6a9e269d5d8de1989b33628015889f1ffec393dd"}
,"/Users/egorderyabin/WebstormProjects/rn-sliding-view/index.js": {"path":"/Users/egorderyabin/WebstormProjects/rn-sliding-view/index.js","statementMap":{"0":{"start":{"line":1,"column":13},"end":{"line":1,"column":75}},"1":{"start":{"line":1,"column":75},"end":{"line":1,"column":100}},"2":{"start":{"line":3,"column":13},"end":{"line":3,"column":54}},"3":{"start":{"line":4,"column":19},"end":{"line":4,"column":42}},"4":{"start":{"line":5,"column":35},"end":{"line":5,"column":76}},"5":{"start":{"line":6,"column":34},"end":{"line":6,"column":75}},"6":{"start":{"line":7,"column":35},"end":{"line":7,"column":76}},"7":{"start":{"line":11,"column":17},"end":{"line":11,"column":39}},"8":{"start":{"line":12,"column":14},"end":{"line":12,"column":57}},"9":{"start":{"line":12,"column":77},"end":{"line":12,"column":140}},"10":{"start":{"line":12,"column":179},"end":{"line":12,"column":233}},"11":{"start":{"line":12,"column":271},"end":{"line":12,"column":318}},"12":{"start":{"line":12,"column":306},"end":{"line":12,"column":318}},"13":{"start":{"line":12,"column":330},"end":{"line":12,"column":343}},"14":{"start":{"line":12,"column":344},"end":{"line":12,"column":423}},"15":{"start":{"line":12,"column":408},"end":{"line":12,"column":421}},"16":{"start":{"line":12,"column":423},"end":{"line":12,"column":436}},"17":{"start":{"line":12,"column":476},"end":{"line":12,"column":516}},"18":{"start":{"line":12,"column":504},"end":{"line":12,"column":515}},"19":{"start":{"line":12,"column":528},"end":{"line":12,"column":554}},"20":{"start":{"line":12,"column":555},"end":{"line":12,"column":608}},"21":{"start":{"line":12,"column":585},"end":{"line":12,"column":607}},"22":{"start":{"line":12,"column":621},"end":{"line":12,"column":623}},"23":{"start":{"line":12,"column":624},"end":{"line":12,"column":999}},"24":{"start":{"line":12,"column":670},"end":{"line":12,"column":726}},"25":{"start":{"line":12,"column":727},"end":{"line":12,"column":998}},"26":{"start":{"line":12,"column":749},"end":{"line":12,"column":997}},"27":{"start":{"line":12,"column":813},"end":{"line":12,"column":885}},"28":{"start":{"line":12,"column":886},"end":{"line":12,"column":996}},"29":{"start":{"line":12,"column":923},"end":{"line":12,"column":964}},"30":{"start":{"line":12,"column":972},"end":{"line":12,"column":995}},"31":{"start":{"line":12,"column":999},"end":{"line":12,"column":1020}},"32":{"start":{"line":12,"column":1020},"end":{"line":12,"column":1056}},"33":{"start":{"line":12,"column":1032},"end":{"line":12,"column":1055}},"34":{"start":{"line":12,"column":1056},"end":{"line":12,"column":1070}},"35":{"start":{"line":12,"column":1092},"end":{"line":12,"column":1335}},"36":{"start":{"line":12,"column":1139},"end":{"line":12,"column":1319}},"37":{"start":{"line":12,"column":1152},"end":{"line":12,"column":1153}},"38":{"start":{"line":12,"column":1196},"end":{"line":12,"column":1208}},"39":{"start":{"line":12,"column":1209},"end":{"line":12,"column":1318}},"40":{"start":{"line":12,"column":1234},"end":{"line":12,"column":1317}},"41":{"start":{"line":12,"column":1290},"end":{"line":12,"column":1316}},"42":{"start":{"line":12,"column":1319},"end":{"line":12,"column":1333}},"43":{"start":{"line":12,"column":1335},"end":{"line":12,"column":1374}},"44":{"start":{"line":12,"column":1424},"end":{"line":12,"column":1523}},"45":{"start":{"line":12,"column":1465},"end":{"line":12,"column":1522}},"46":{"start":{"line":12,"column":1567},"end":{"line":12,"column":1832}},"47":{"start":{"line":12,"column":1580},"end":{"line":12,"column":1581}},"48":{"start":{"line":12,"column":1624},"end":{"line":12,"column":1632}},"49":{"start":{"line":12,"column":1633},"end":{"line":12,"column":1688}},"50":{"start":{"line":12,"column":1688},"end":{"line":12,"column":1719}},"51":{"start":{"line":12,"column":1719},"end":{"line":12,"column":1773}},"52":{"start":{"line":12,"column":1746},"end":{"line":12,"column":1773}},"53":{"start":{"line":12,"column":1773},"end":{"line":12,"column":1831}},"54":{"start":{"line":12,"column":1894},"end":{"line":12,"column":1963}},"55":{"start":{"line":12,"column":1910},"end":{"line":12,"column":1963}},"56":{"start":{"line":12,"column":1963},"end":{"line":12,"column":2024}},"57":{"start":{"line":12,"column":1980},"end":{"line":12,"column":2024}},"58":{"start":{"line":12,"column":2024},"end":{"line":12,"column":2043}},"59":{"start":{"line":12,"column":2093},"end":{"line":12,"column":2177}},"60":{"start":{"line":12,"column":2164},"end":{"line":12,"column":2176}},"61":{"start":{"line":12,"column":2177},"end":{"line":12,"column":2213}},"62":{"start":{"line":12,"column":2243},"end":{"line":12,"column":2387}},"63":{"start":{"line":12,"column":2338},"end":{"line":12,"column":2385}},"64":{"start":{"line":12,"column":2387},"end":{"line":12,"column":2413}},"65":{"start":{"line":12,"column":2453},"end":{"line":12,"column":2562}},"66":{"start":{"line":12,"column":2475},"end":{"line":12,"column":2561}},"67":{"start":{"line":12,"column":2562},"end":{"line":12,"column":2574}},"68":{"start":{"line":12,"column":2617},"end":{"line":12,"column":2754}},"69":{"start":{"line":12,"column":2679},"end":{"line":12,"column":2753}},"70":{"start":{"line":12,"column":2754},"end":{"line":12,"column":2899}},"71":{"start":{"line":12,"column":2899},"end":{"line":12,"column":2953}},"72":{"start":{"line":12,"column":2915},"end":{"line":12,"column":2953}},"73":{"start":{"line":12,"column":2986},"end":{"line":12,"column":3088}},"74":{"start":{"line":12,"column":3061},"end":{"line":12,"column":3077}},"75":{"start":{"line":12,"column":3077},"end":{"line":12,"column":3086}},"76":{"start":{"line":12,"column":3088},"end":{"line":12,"column":3117}},"77":{"start":{"line":35,"column":14},"end":{"line":250,"column":48}},"78":{"start":{"line":35,"column":37},"end":{"line":35,"column":72}},"79":{"start":{"line":35,"column":127},"end":{"line":35,"column":162}},"80":{"start":{"line":35,"column":162},"end":{"line":35,"column":282}},"81":{"start":{"line":35,"column":178},"end":{"line":35,"column":194}},"82":{"start":{"line":35,"column":203},"end":{"line":35,"column":218}},"83":{"start":{"line":35,"column":227},"end":{"line":35,"column":228}},"84":{"start":{"line":35,"column":252},"end":{"line":35,"column":281}},"85":{"start":{"line":35,"column":282},"end":{"line":35,"column":424}},"86":{"start":{"line":35,"column":424},"end":{"line":73,"column":101}},"87":{"start":{"line":73,"column":101},"end":{"line":75,"column":43}},"88":{"start":{"line":75,"column":43},"end":{"line":82,"column":6}},"89":{"start":{"line":78,"column":6},"end":{"line":80,"column":7}},"90":{"start":{"line":79,"column":8},"end":{"line":79,"column":54}},"91":{"start":{"line":81,"column":6},"end":{"line":81,"column":54}},"92":{"start":{"line":82,"column":6},"end":{"line":100,"column":6}},"93":{"start":{"line":85,"column":6},"end":{"line":85,"column":17}},"94":{"start":{"line":85,"column":29},"end":{"line":85,"column":49}},"95":{"start":{"line":85,"column":59},"end":{"line":85,"column":77}},"96":{"start":{"line":86,"column":15},"end":{"line":86,"column":42}},"97":{"start":{"line":87,"column":14},"end":{"line":87,"column":32}},"98":{"start":{"line":87,"column":49},"end":{"line":87,"column":75}},"99":{"start":{"line":87,"column":104},"end":{"line":87,"column":133}},"100":{"start":{"line":88,"column":10},"end":{"line":88,"column":33}},"101":{"start":{"line":89,"column":17},"end":{"line":89,"column":23}},"102":{"start":{"line":90,"column":17},"end":{"line":90,"column":18}},"103":{"start":{"line":92,"column":6},"end":{"line":92,"column":99}},"104":{"start":{"line":93,"column":6},"end":{"line":93,"column":35}},"105":{"start":{"line":93,"column":22},"end":{"line":93,"column":35}},"106":{"start":{"line":94,"column":6},"end":{"line":98,"column":7}},"107":{"start":{"line":95,"column":8},"end":{"line":95,"column":20}},"108":{"start":{"line":96,"column":13},"end":{"line":98,"column":7}},"109":{"start":{"line":97,"column":8},"end":{"line":97,"column":20}},"110":{"start":{"line":99,"column":6},"end":{"line":99,"column":23}},"111":{"start":{"line":100,"column":6},"end":{"line":117,"column":6}},"112":{"start":{"line":103,"column":6},"end":{"line":103,"column":17}},"113":{"start":{"line":103,"column":29},"end":{"line":103,"column":50}},"114":{"start":{"line":103,"column":59},"end":{"line":103,"column":77}},"115":{"start":{"line":104,"column":22},"end":{"line":104,"column":48}},"116":{"start":{"line":104,"column":57},"end":{"line":104,"column":75}},"117":{"start":{"line":105,"column":13},"end":{"line":105,"column":38}},"118":{"start":{"line":105,"column":68},"end":{"line":105,"column":97}},"119":{"start":{"line":106,"column":10},"end":{"line":106,"column":34}},"120":{"start":{"line":107,"column":17},"end":{"line":107,"column":22}},"121":{"start":{"line":108,"column":17},"end":{"line":108,"column":18}},"122":{"start":{"line":110,"column":6},"end":{"line":110,"column":97}},"123":{"start":{"line":111,"column":6},"end":{"line":115,"column":7}},"124":{"start":{"line":112,"column":8},"end":{"line":112,"column":20}},"125":{"start":{"line":113,"column":13},"end":{"line":115,"column":7}},"126":{"start":{"line":114,"column":8},"end":{"line":114,"column":20}},"127":{"start":{"line":116,"column":6},"end":{"line":116,"column":23}},"128":{"start":{"line":117,"column":6},"end":{"line":124,"column":6}},"129":{"start":{"line":120,"column":27},"end":{"line":120,"column":57}},"130":{"start":{"line":121,"column":6},"end":{"line":121,"column":37}},"131":{"start":{"line":121,"column":30},"end":{"line":121,"column":37}},"132":{"start":{"line":122,"column":6},"end":{"line":123,"column":50}},"133":{"start":{"line":122,"column":30},"end":{"line":122,"column":72}},"134":{"start":{"line":123,"column":6},"end":{"line":123,"column":50}},"135":{"start":{"line":124,"column":6},"end":{"line":142,"column":6}},"136":{"start":{"line":127,"column":15},"end":{"line":127,"column":42}},"137":{"start":{"line":127,"column":49},"end":{"line":127,"column":73}},"138":{"start":{"line":128,"column":14},"end":{"line":128,"column":32}},"139":{"start":{"line":128,"column":49},"end":{"line":128,"column":75}},"140":{"start":{"line":129,"column":6},"end":{"line":129,"column":17}},"141":{"start":{"line":129,"column":38},"end":{"line":129,"column":68}},"142":{"start":{"line":129,"column":80},"end":{"line":129,"column":101}},"143":{"start":{"line":129,"column":129},"end":{"line":129,"column":166}},"144":{"start":{"line":129,"column":196},"end":{"line":129,"column":225}},"145":{"start":{"line":130,"column":21},"end":{"line":130,"column":56}},"146":{"start":{"line":131,"column":6},"end":{"line":140,"column":7}},"147":{"start":{"line":135,"column":8},"end":{"line":137,"column":24}},"148":{"start":{"line":139,"column":8},"end":{"line":139,"column":71}},"149":{"start":{"line":141,"column":6},"end":{"line":141,"column":45}},"150":{"start":{"line":142,"column":6},"end":{"line":160,"column":6}},"151":{"start":{"line":145,"column":13},"end":{"line":145,"column":38}},"152":{"start":{"line":145,"column":47},"end":{"line":145,"column":73}},"153":{"start":{"line":146,"column":14},"end":{"line":146,"column":32}},"154":{"start":{"line":146,"column":49},"end":{"line":146,"column":75}},"155":{"start":{"line":147,"column":6},"end":{"line":147,"column":17}},"156":{"start":{"line":147,"column":38},"end":{"line":147,"column":68}},"157":{"start":{"line":147,"column":80},"end":{"line":147,"column":101}},"158":{"start":{"line":147,"column":110},"end":{"line":147,"column":128}},"159":{"start":{"line":147,"column":156},"end":{"line":147,"column":193}},"160":{"start":{"line":147,"column":223},"end":{"line":147,"column":252}},"161":{"start":{"line":148,"column":21},"end":{"line":148,"column":56}},"162":{"start":{"line":149,"column":6},"end":{"line":158,"column":7}},"163":{"start":{"line":153,"column":8},"end":{"line":155,"column":29}},"164":{"start":{"line":157,"column":8},"end":{"line":157,"column":71}},"165":{"start":{"line":159,"column":6},"end":{"line":159,"column":45}},"166":{"start":{"line":160,"column":6},"end":{"line":170,"column":6}},"167":{"start":{"line":167,"column":17},"end":{"line":167,"column":37}},"168":{"start":{"line":168,"column":12},"end":{"line":168,"column":36}},"169":{"start":{"line":168,"column":46},"end":{"line":168,"column":73}},"170":{"start":{"line":169,"column":6},"end":{"line":169,"column":53}},"171":{"start":{"line":170,"column":6},"end":{"line":185,"column":6}},"172":{"start":{"line":176,"column":47},"end":{"line":176,"column":56}},"173":{"start":{"line":177,"column":6},"end":{"line":177,"column":17}},"174":{"start":{"line":177,"column":27},"end":{"line":177,"column":46}},"175":{"start":{"line":177,"column":58},"end":{"line":177,"column":79}},"176":{"start":{"line":178,"column":15},"end":{"line":178,"column":42}},"177":{"start":{"line":178,"column":51},"end":{"line":178,"column":77}},"178":{"start":{"line":178,"column":84},"end":{"line":178,"column":108}},"179":{"start":{"line":178,"column":116},"end":{"line":178,"column":141}},"180":{"start":{"line":179,"column":20},"end":{"line":179,"column":24}},"181":{"start":{"line":180,"column":6},"end":{"line":180,"column":48}},"182":{"start":{"line":180,"column":31},"end":{"line":180,"column":48}},"183":{"start":{"line":181,"column":6},"end":{"line":181,"column":101}},"184":{"start":{"line":181,"column":28},"end":{"line":181,"column":101}},"185":{"start":{"line":182,"column":6},"end":{"line":182,"column":41}},"186":{"start":{"line":182,"column":29},"end":{"line":182,"column":41}},"187":{"start":{"line":183,"column":6},"end":{"line":183,"column":42}},"188":{"start":{"line":183,"column":30},"end":{"line":183,"column":42}},"189":{"start":{"line":184,"column":6},"end":{"line":184,"column":54}},"190":{"start":{"line":185,"column":6},"end":{"line":199,"column":6}},"191":{"start":{"line":192,"column":43},"end":{"line":192,"column":53}},"192":{"start":{"line":192,"column":64},"end":{"line":192,"column":77}},"193":{"start":{"line":193,"column":6},"end":{"line":193,"column":17}},"194":{"start":{"line":193,"column":38},"end":{"line":193,"column":68}},"195":{"start":{"line":193,"column":77},"end":{"line":193,"column":95}},"196":{"start":{"line":194,"column":6},"end":{"line":198,"column":14}},"197":{"start":{"line":199,"column":6},"end":{"line":213,"column":6}},"198":{"start":{"line":205,"column":25},"end":{"line":205,"column":53}},"199":{"start":{"line":206,"column":23},"end":{"line":206,"column":41}},"200":{"start":{"line":207,"column":31},"end":{"line":207,"column":65}},"201":{"start":{"line":208,"column":32},"end":{"line":208,"column":65}},"202":{"start":{"line":209,"column":6},"end":{"line":211,"column":80}},"203":{"start":{"line":213,"column":6},"end":{"line":219,"column":6}},"204":{"start":{"line":216,"column":6},"end":{"line":216,"column":17}},"205":{"start":{"line":216,"column":26},"end":{"line":216,"column":44}},"206":{"start":{"line":216,"column":56},"end":{"line":216,"column":77}},"207":{"start":{"line":217,"column":6},"end":{"line":217,"column":107}},"208":{"start":{"line":217,"column":93},"end":{"line":217,"column":107}},"209":{"start":{"line":218,"column":6},"end":{"line":218,"column":59}},"210":{"start":{"line":219,"column":6},"end":{"line":226,"column":6}},"211":{"start":{"line":222,"column":6},"end":{"line":222,"column":17}},"212":{"start":{"line":222,"column":27},"end":{"line":222,"column":46}},"213":{"start":{"line":222,"column":58},"end":{"line":222,"column":79}},"214":{"start":{"line":223,"column":6},"end":{"line":223,"column":119}},"215":{"start":{"line":223,"column":49},"end":{"line":223,"column":119}},"216":{"start":{"line":224,"column":6},"end":{"line":224,"column":66}},"217":{"start":{"line":224,"column":52},"end":{"line":224,"column":66}},"218":{"start":{"line":225,"column":6},"end":{"line":225,"column":59}},"219":{"start":{"line":226,"column":6},"end":{"line":240,"column":6}},"220":{"start":{"line":229,"column":6},"end":{"line":229,"column":17}},"221":{"start":{"line":229,"column":29},"end":{"line":229,"column":50}},"222":{"start":{"line":229,"column":59},"end":{"line":229,"column":77}},"223":{"start":{"line":229,"column":87},"end":{"line":229,"column":106}},"224":{"start":{"line":229,"column":124},"end":{"line":229,"column":151}},"225":{"start":{"line":229,"column":181},"end":{"line":229,"column":210}},"226":{"start":{"line":230,"column":10},"end":{"line":230,"column":34}},"227":{"start":{"line":230,"column":39},"end":{"line":230,"column":63}},"228":{"start":{"line":231,"column":13},"end":{"line":231,"column":38}},"229":{"start":{"line":231,"column":47},"end":{"line":231,"column":73}},"230":{"start":{"line":231,"column":83},"end":{"line":231,"column":110}},"231":{"start":{"line":232,"column":26},"end":{"line":232,"column":59}},"232":{"start":{"line":232,"column":82},"end":{"line":232,"column":117}},"233":{"start":{"line":233,"column":26},"end":{"line":233,"column":86}},"234":{"start":{"line":234,"column":27},"end":{"line":234,"column":31}},"235":{"start":{"line":235,"column":6},"end":{"line":238,"column":126}},"236":{"start":{"line":235,"column":29},"end":{"line":235,"column":87}},"237":{"start":{"line":236,"column":6},"end":{"line":238,"column":126}},"238":{"start":{"line":236,"column":30},"end":{"line":236,"column":90}},"239":{"start":{"line":237,"column":6},"end":{"line":238,"column":126}},"240":{"start":{"line":237,"column":31},"end":{"line":237,"column":101}},"241":{"start":{"line":238,"column":6},"end":{"line":238,"column":126}},"242":{"start":{"line":239,"column":6},"end":{"line":239,"column":61}},"243":{"start":{"line":240,"column":6},"end":{"line":240,"column":19}},"244":{"start":{"line":240,"column":20},"end":{"line":250,"column":10}},"245":{"start":{"line":240,"column":125},"end":{"line":240,"column":129}},"246":{"start":{"line":240,"column":130},"end":{"line":240,"column":830}},"247":{"start":{"line":240,"column":264},"end":{"line":240,"column":276}},"248":{"start":{"line":240,"column":358},"end":{"line":240,"column":371}},"249":{"start":{"line":240,"column":437},"end":{"line":240,"column":449}},"250":{"start":{"line":240,"column":529},"end":{"line":240,"column":541}},"251":{"start":{"line":240,"column":606},"end":{"line":240,"column":631}},"252":{"start":{"line":240,"column":702},"end":{"line":240,"column":731}},"253":{"start":{"line":240,"column":813},"end":{"line":240,"column":825}},"254":{"start":{"line":240,"column":931},"end":{"line":240,"column":941}},"255":{"start":{"line":240,"column":961},"end":{"line":240,"column":991}},"256":{"start":{"line":240,"column":1006},"end":{"line":240,"column":1031}},"257":{"start":{"line":240,"column":1051},"end":{"line":240,"column":1081}},"258":{"start":{"line":240,"column":1101},"end":{"line":240,"column":1131}},"259":{"start":{"line":240,"column":1132},"end":{"line":240,"column":1201}},"260":{"start":{"line":240,"column":1186},"end":{"line":240,"column":1200}},"261":{"start":{"line":240,"column":1209},"end":{"line":240,"column":1215}},"262":{"start":{"line":240,"column":1220},"end":{"line":240,"column":1226}},"263":{"start":{"line":240,"column":1227},"end":{"line":240,"column":1252}},"264":{"start":{"line":240,"column":1245},"end":{"line":240,"column":1252}},"265":{"start":{"line":240,"column":1252},"end":{"line":240,"column":1336}},"266":{"start":{"line":240,"column":1306},"end":{"line":240,"column":1335}},"267":{"start":{"line":240,"column":1336},"end":{"line":240,"column":1420}},"268":{"start":{"line":240,"column":1390},"end":{"line":240,"column":1419}},"269":{"start":{"line":243,"column":6},"end":{"line":243,"column":16}},"270":{"start":{"line":243,"column":28},"end":{"line":243,"column":50}},"271":{"start":{"line":243,"column":65},"end":{"line":243,"column":90}},"272":{"start":{"line":244,"column":23},"end":{"line":244,"column":56}},"273":{"start":{"line":245,"column":6},"end":{"line":247,"column":19}},"274":{"start":{"line":250,"column":10},"end":{"line":250,"column":29}},"275":{"start":{"line":250,"column":49},"end":{"line":250,"column":79}},"276":{"start":{"line":253,"column":0},"end":{"line":264,"column":69}}},"fnMap":{"0":{"name":"_interopRequireDefault","decl":{"start":{"line":12,"column":150},"end":{"line":12,"column":172}},"loc":{"start":{"line":12,"column":178},"end":{"line":12,"column":234}},"line":12},"1":{"name":"_getRequireWildcardCache","decl":{"start":{"line":12,"column":243},"end":{"line":12,"column":267}},"loc":{"start":{"line":12,"column":270},"end":{"line":12,"column":437}},"line":12},"2":{"name":"_getRequireWildcardCache","decl":{"start":{"line":12,"column":380},"end":{"line":12,"column":404}},"loc":{"start":{"line":12,"column":407},"end":{"line":12,"column":422}},"line":12},"3":{"name":"_interopRequireWildcard","decl":{"start":{"line":12,"column":446},"end":{"line":12,"column":469}},"loc":{"start":{"line":12,"column":475},"end":{"line":12,"column":1071}},"line":12},"4":{"name":"_extends","decl":{"start":{"line":12,"column":1080},"end":{"line":12,"column":1088}},"loc":{"start":{"line":12,"column":1091},"end":{"line":12,"column":1375}},"line":12},"5":{"name":"(anonymous_5)","decl":{"start":{"line":12,"column":1120},"end":{"line":12,"column":1121}},"loc":{"start":{"line":12,"column":1138},"end":{"line":12,"column":1334}},"line":12},"6":{"name":"_classCallCheck","decl":{"start":{"line":12,"column":1384},"end":{"line":12,"column":1399}},"loc":{"start":{"line":12,"column":1423},"end":{"line":12,"column":1524}},"line":12},"7":{"name":"_defineProperties","decl":{"start":{"line":12,"column":1533},"end":{"line":12,"column":1550}},"loc":{"start":{"line":12,"column":1566},"end":{"line":12,"column":1833}},"line":12},"8":{"name":"_createClass","decl":{"start":{"line":12,"column":1842},"end":{"line":12,"column":1854}},"loc":{"start":{"line":12,"column":1893},"end":{"line":12,"column":2044}},"line":12},"9":{"name":"_possibleConstructorReturn","decl":{"start":{"line":12,"column":2053},"end":{"line":12,"column":2079}},"loc":{"start":{"line":12,"column":2092},"end":{"line":12,"column":2214}},"line":12},"10":{"name":"_getPrototypeOf","decl":{"start":{"line":12,"column":2223},"end":{"line":12,"column":2238}},"loc":{"start":{"line":12,"column":2242},"end":{"line":12,"column":2414}},"line":12},"11":{"name":"_getPrototypeOf","decl":{"start":{"line":12,"column":2318},"end":{"line":12,"column":2333}},"loc":{"start":{"line":12,"column":2337},"end":{"line":12,"column":2386}},"line":12},"12":{"name":"_assertThisInitialized","decl":{"start":{"line":12,"column":2423},"end":{"line":12,"column":2445}},"loc":{"start":{"line":12,"column":2452},"end":{"line":12,"column":2575}},"line":12},"13":{"name":"_inherits","decl":{"start":{"line":12,"column":2584},"end":{"line":12,"column":2593}},"loc":{"start":{"line":12,"column":2616},"end":{"line":12,"column":2954}},"line":12},"14":{"name":"_setPrototypeOf","decl":{"start":{"line":12,"column":2963},"end":{"line":12,"column":2978}},"loc":{"start":{"line":12,"column":2985},"end":{"line":12,"column":3118}},"line":12},"15":{"name":"_setPrototypeOf","decl":{"start":{"line":12,"column":3038},"end":{"line":12,"column":3053}},"loc":{"start":{"line":12,"column":3060},"end":{"line":12,"column":3087}},"line":12},"16":{"name":"(anonymous_16)","decl":{"start":{"line":35,"column":14},"end":{"line":35,"column":15}},"loc":{"start":{"line":35,"column":36},"end":{"line":250,"column":30}},"line":35},"17":{"name":"SlidingView","decl":{"start":{"line":35,"column":81},"end":{"line":35,"column":92}},"loc":{"start":{"line":35,"column":95},"end":{"line":240,"column":20}},"line":35},"18":{"name":"(anonymous_18)","decl":{"start":{"line":77,"column":10},"end":{"line":77,"column":11}},"loc":{"start":{"line":77,"column":34},"end":{"line":82,"column":5}},"line":77},"19":{"name":"(anonymous_19)","decl":{"start":{"line":84,"column":25},"end":{"line":84,"column":26}},"loc":{"start":{"line":84,"column":49},"end":{"line":100,"column":5}},"line":84},"20":{"name":"(anonymous_20)","decl":{"start":{"line":102,"column":27},"end":{"line":102,"column":28}},"loc":{"start":{"line":102,"column":51},"end":{"line":117,"column":5}},"line":102},"21":{"name":"(anonymous_21)","decl":{"start":{"line":119,"column":14},"end":{"line":119,"column":15}},"loc":{"start":{"line":119,"column":38},"end":{"line":124,"column":5}},"line":119},"22":{"name":"(anonymous_22)","decl":{"start":{"line":126,"column":28},"end":{"line":126,"column":29}},"loc":{"start":{"line":126,"column":52},"end":{"line":142,"column":5}},"line":126},"23":{"name":"(anonymous_23)","decl":{"start":{"line":144,"column":30},"end":{"line":144,"column":31}},"loc":{"start":{"line":144,"column":54},"end":{"line":160,"column":5}},"line":144},"24":{"name":"(anonymous_24)","decl":{"start":{"line":166,"column":17},"end":{"line":166,"column":18}},"loc":{"start":{"line":166,"column":29},"end":{"line":170,"column":5}},"line":166},"25":{"name":"(anonymous_25)","decl":{"start":{"line":176,"column":19},"end":{"line":176,"column":20}},"loc":{"start":{"line":176,"column":35},"end":{"line":185,"column":5}},"line":176},"26":{"name":"(anonymous_26)","decl":{"start":{"line":192,"column":14},"end":{"line":192,"column":15}},"loc":{"start":{"line":192,"column":31},"end":{"line":199,"column":5}},"line":192},"27":{"name":"(anonymous_27)","decl":{"start":{"line":204,"column":13},"end":{"line":204,"column":14}},"loc":{"start":{"line":204,"column":25},"end":{"line":213,"column":5}},"line":204},"28":{"name":"(anonymous_28)","decl":{"start":{"line":215,"column":15},"end":{"line":215,"column":16}},"loc":{"start":{"line":215,"column":27},"end":{"line":219,"column":5}},"line":215},"29":{"name":"(anonymous_29)","decl":{"start":{"line":221,"column":16},"end":{"line":221,"column":17}},"loc":{"start":{"line":221,"column":28},"end":{"line":226,"column":5}},"line":221},"30":{"name":"(anonymous_30)","decl":{"start":{"line":228,"column":16},"end":{"line":228,"column":17}},"loc":{"start":{"line":228,"column":28},"end":{"line":240,"column":5}},"line":228},"31":{"name":"componentDidMount","decl":{"start":{"line":240,"column":91},"end":{"line":240,"column":108}},"loc":{"start":{"line":240,"column":111},"end":{"line":240,"column":831}},"line":240},"32":{"name":"onStartShouldSetResponder","decl":{"start":{"line":240,"column":235},"end":{"line":240,"column":260}},"loc":{"start":{"line":240,"column":263},"end":{"line":240,"column":277}},"line":240},"33":{"name":"onStartShouldSetResponderCapture","decl":{"start":{"line":240,"column":322},"end":{"line":240,"column":354}},"loc":{"start":{"line":240,"column":357},"end":{"line":240,"column":372}},"line":240},"34":{"name":"onMoveShouldSetResponder","decl":{"start":{"line":240,"column":409},"end":{"line":240,"column":433}},"loc":{"start":{"line":240,"column":436},"end":{"line":240,"column":450}},"line":240},"35":{"name":"onMoveShouldSetResponderCapture","decl":{"start":{"line":240,"column":494},"end":{"line":240,"column":525}},"loc":{"start":{"line":240,"column":528},"end":{"line":240,"column":542}},"line":240},"36":{"name":"onResponderMove","decl":{"start":{"line":240,"column":570},"end":{"line":240,"column":585}},"loc":{"start":{"line":240,"column":605},"end":{"line":240,"column":632}},"line":240},"37":{"name":"onResponderRelease","decl":{"start":{"line":240,"column":663},"end":{"line":240,"column":681}},"loc":{"start":{"line":240,"column":701},"end":{"line":240,"column":732}},"line":240},"38":{"name":"onPanResponderTerminationRequest","decl":{"start":{"line":240,"column":777},"end":{"line":240,"column":809}},"loc":{"start":{"line":240,"column":812},"end":{"line":240,"column":826}},"line":240},"39":{"name":"componentDidUpdate","decl":{"start":{"line":240,"column":880},"end":{"line":240,"column":898}},"loc":{"start":{"line":240,"column":910},"end":{"line":240,"column":1421}},"line":240},"40":{"name":"render","decl":{"start":{"line":240,"column":1458},"end":{"line":240,"column":1464}},"loc":{"start":{"line":242,"column":4},"end":{"line":250,"column":5}},"line":242},"41":{"name":"changeVisibilityCallback","decl":{"start":{"line":264,"column":37},"end":{"line":264,"column":61}},"loc":{"start":{"line":264,"column":64},"end":{"line":264,"column":66}},"line":264}},"branchMap":{"0":{"loc":{"start":{"line":12,"column":186},"end":{"line":12,"column":232}},"type":"cond-expr","locations":[{"start":{"line":12,"column":210},"end":{"line":12,"column":213}},{"start":{"line":12,"column":216},"end":{"line":12,"column":232}}],"line":12},"1":{"loc":{"start":{"line":12,"column":186},"end":{"line":12,"column":207}},"type":"binary-expr","locations":[{"start":{"line":12,"column":186},"end":{"line":12,"column":189}},{"start":{"line":12,"column":193},"end":{"line":12,"column":207}}],"line":12},"2":{"loc":{"start":{"line":12,"column":271},"end":{"line":12,"column":318}},"type":"if","locations":[{"start":{"line":12,"column":271},"end":{"line":12,"column":318}},{"start":{"line":12,"column":271},"end":{"line":12,"column":318}}],"line":12},"3":{"loc":{"start":{"line":12,"column":476},"end":{"line":12,"column":516}},"type":"if","locations":[{"start":{"line":12,"column":476},"end":{"line":12,"column":516}},{"start":{"line":12,"column":476},"end":{"line":12,"column":516}}],"line":12},"4":{"loc":{"start":{"line":12,"column":480},"end":{"line":12,"column":501}},"type":"binary-expr","locations":[{"start":{"line":12,"column":480},"end":{"line":12,"column":483}},{"start":{"line":12,"column":487},"end":{"line":12,"column":501}}],"line":12},"5":{"loc":{"start":{"line":12,"column":555},"end":{"line":12,"column":608}},"type":"if","locations":[{"start":{"line":12,"column":555},"end":{"line":12,"column":608}},{"start":{"line":12,"column":555},"end":{"line":12,"column":608}}],"line":12},"6":{"loc":{"start":{"line":12,"column":559},"end":{"line":12,"column":582}},"type":"binary-expr","locations":[{"start":{"line":12,"column":559},"end":{"line":12,"column":564}},{"start":{"line":12,"column":568},"end":{"line":12,"column":582}}],"line":12},"7":{"loc":{"start":{"line":12,"column":624},"end":{"line":12,"column":999}},"type":"if","locations":[{"start":{"line":12,"column":624},"end":{"line":12,"column":999}},{"start":{"line":12,"column":624},"end":{"line":12,"column":999}}],"line":12},"8":{"loc":{"start":{"line":12,"column":670},"end":{"line":12,"column":726}},"type":"binary-expr","locations":[{"start":{"line":12,"column":670},"end":{"line":12,"column":691}},{"start":{"line":12,"column":695},"end":{"line":12,"column":726}}],"line":12},"9":{"loc":{"start":{"line":12,"column":749},"end":{"line":12,"column":997}},"type":"if","locations":[{"start":{"line":12,"column":749},"end":{"line":12,"column":997}},{"start":{"line":12,"column":749},"end":{"line":12,"column":997}}],"line":12},"10":{"loc":{"start":{"line":12,"column":813},"end":{"line":12,"column":885}},"type":"cond-expr","locations":[{"start":{"line":12,"column":837},"end":{"line":12,"column":878}},{"start":{"line":12,"column":881},"end":{"line":12,"column":885}}],"line":12},"11":{"loc":{"start":{"line":12,"column":886},"end":{"line":12,"column":996}},"type":"if","locations":[{"start":{"line":12,"column":886},"end":{"line":12,"column":996}},{"start":{"line":12,"column":886},"end":{"line":12,"column":996}}],"line":12},"12":{"loc":{"start":{"line":12,"column":890},"end":{"line":12,"column":920}},"type":"binary-expr","locations":[{"start":{"line":12,"column":890},"end":{"line":12,"column":894}},{"start":{"line":12,"column":899},"end":{"line":12,"column":907}},{"start":{"line":12,"column":911},"end":{"line":12,"column":919}}],"line":12},"13":{"loc":{"start":{"line":12,"column":1020},"end":{"line":12,"column":1056}},"type":"if","locations":[{"start":{"line":12,"column":1020},"end":{"line":12,"column":1056}},{"start":{"line":12,"column":1020},"end":{"line":12,"column":1056}}],"line":12},"14":{"loc":{"start":{"line":12,"column":1103},"end":{"line":12,"column":1334}},"type":"binary-expr","locations":[{"start":{"line":12,"column":1103},"end":{"line":12,"column":1116}},{"start":{"line":12,"column":1120},"end":{"line":12,"column":1334}}],"line":12},"15":{"loc":{"start":{"line":12,"column":1234},"end":{"line":12,"column":1317}},"type":"if","locations":[{"start":{"line":12,"column":1234},"end":{"line":12,"column":1317}},{"start":{"line":12,"column":1234},"end":{"line":12,"column":1317}}],"line":12},"16":{"loc":{"start":{"line":12,"column":1424},"end":{"line":12,"column":1523}},"type":"if","locations":[{"start":{"line":12,"column":1424},"end":{"line":12,"column":1523}},{"start":{"line":12,"column":1424},"end":{"line":12,"column":1523}}],"line":12},"17":{"loc":{"start":{"line":12,"column":1657},"end":{"line":12,"column":1687}},"type":"binary-expr","locations":[{"start":{"line":12,"column":1657},"end":{"line":12,"column":1678}},{"start":{"line":12,"column":1682},"end":{"line":12,"column":1687}}],"line":12},"18":{"loc":{"start":{"line":12,"column":1719},"end":{"line":12,"column":1773}},"type":"if","locations":[{"start":{"line":12,"column":1719},"end":{"line":12,"column":1773}},{"start":{"line":12,"column":1719},"end":{"line":12,"column":1773}}],"line":12},"19":{"loc":{"start":{"line":12,"column":1894},"end":{"line":12,"column":1963}},"type":"if","locations":[{"start":{"line":12,"column":1894},"end":{"line":12,"column":1963}},{"start":{"line":12,"column":1894},"end":{"line":12,"column":1963}}],"line":12},"20":{"loc":{"start":{"line":12,"column":1963},"end":{"line":12,"column":2024}},"type":"if","locations":[{"start":{"line":12,"column":1963},"end":{"line":12,"column":2024}},{"start":{"line":12,"column":1963},"end":{"line":12,"column":2024}}],"line":12},"21":{"loc":{"start":{"line":12,"column":2093},"end":{"line":12,"column":2177}},"type":"if","locations":[{"start":{"line":12,"column":2093},"end":{"line":12,"column":2177}},{"start":{"line":12,"column":2093},"end":{"line":12,"column":2177}}],"line":12},"22":{"loc":{"start":{"line":12,"column":2097},"end":{"line":12,"column":2161}},"type":"binary-expr","locations":[{"start":{"line":12,"column":2097},"end":{"line":12,"column":2101}},{"start":{"line":12,"column":2106},"end":{"line":12,"column":2130}},{"start":{"line":12,"column":2134},"end":{"line":12,"column":2160}}],"line":12},"23":{"loc":{"start":{"line":12,"column":2261},"end":{"line":12,"column":2386}},"type":"cond-expr","locations":[{"start":{"line":12,"column":2285},"end":{"line":12,"column":2306}},{"start":{"line":12,"column":2309},"end":{"line":12,"column":2386}}],"line":12},"24":{"loc":{"start":{"line":12,"column":2345},"end":{"line":12,"column":2384}},"type":"binary-expr","locations":[{"start":{"line":12,"column":2345},"end":{"line":12,"column":2356}},{"start":{"line":12,"column":2360},"end":{"line":12,"column":2384}}],"line":12},"25":{"loc":{"start":{"line":12,"column":2453},"end":{"line":12,"column":2562}},"type":"if","locations":[{"start":{"line":12,"column":2453},"end":{"line":12,"column":2562}},{"start":{"line":12,"column":2453},"end":{"line":12,"column":2562}}],"line":12},"26":{"loc":{"start":{"line":12,"column":2617},"end":{"line":12,"column":2754}},"type":"if","locations":[{"start":{"line":12,"column":2617},"end":{"line":12,"column":2754}},{"start":{"line":12,"column":2617},"end":{"line":12,"column":2754}}],"line":12},"27":{"loc":{"start":{"line":12,"column":2621},"end":{"line":12,"column":2676}},"type":"binary-expr","locations":[{"start":{"line":12,"column":2621},"end":{"line":12,"column":2653}},{"start":{"line":12,"column":2657},"end":{"line":12,"column":2676}}],"line":12},"28":{"loc":{"start":{"line":12,"column":2789},"end":{"line":12,"column":2823}},"type":"binary-expr","locations":[{"start":{"line":12,"column":2789},"end":{"line":12,"column":2799}},{"start":{"line":12,"column":2803},"end":{"line":12,"column":2823}}],"line":12},"29":{"loc":{"start":{"line":12,"column":2899},"end":{"line":12,"column":2953}},"type":"if","locations":[{"start":{"line":12,"column":2899},"end":{"line":12,"column":2953}},{"start":{"line":12,"column":2899},"end":{"line":12,"column":2953}}],"line":12},"30":{"loc":{"start":{"line":12,"column":3004},"end":{"line":12,"column":3087}},"type":"binary-expr","locations":[{"start":{"line":12,"column":3004},"end":{"line":12,"column":3025}},{"start":{"line":12,"column":3029},"end":{"line":12,"column":3087}}],"line":12},"31":{"loc":{"start":{"line":78,"column":6},"end":{"line":80,"column":7}},"type":"if","locations":[{"start":{"line":78,"column":6},"end":{"line":80,"column":7}},{"start":{"line":78,"column":6},"end":{"line":80,"column":7}}],"line":78},"32":{"loc":{"start":{"line":92,"column":6},"end":{"line":92,"column":99}},"type":"cond-expr","locations":[{"start":{"line":92,"column":28},"end":{"line":92,"column":62}},{"start":{"line":92,"column":65},"end":{"line":92,"column":99}}],"line":92},"33":{"loc":{"start":{"line":93,"column":6},"end":{"line":93,"column":35}},"type":"if","locations":[{"start":{"line":93,"column":6},"end":{"line":93,"column":35}},{"start":{"line":93,"column":6},"end":{"line":93,"column":35}}],"line":93},"34":{"loc":{"start":{"line":94,"column":6},"end":{"line":98,"column":7}},"type":"if","locations":[{"start":{"line":94,"column":6},"end":{"line":98,"column":7}},{"start":{"line":94,"column":6},"end":{"line":98,"column":7}}],"line":94},"35":{"loc":{"start":{"line":96,"column":13},"end":{"line":98,"column":7}},"type":"if","locations":[{"start":{"line":96,"column":13},"end":{"line":98,"column":7}},{"start":{"line":96,"column":13},"end":{"line":98,"column":7}}],"line":96},"36":{"loc":{"start":{"line":110,"column":6},"end":{"line":110,"column":97}},"type":"cond-expr","locations":[{"start":{"line":110,"column":26},"end":{"line":110,"column":60}},{"start":{"line":110,"column":63},"end":{"line":110,"column":97}}],"line":110},"37":{"loc":{"start":{"line":111,"column":6},"end":{"line":115,"column":7}},"type":"if","locations":[{"start":{"line":111,"column":6},"end":{"line":115,"column":7}},{"start":{"line":111,"column":6},"end":{"line":115,"column":7}}],"line":111},"38":{"loc":{"start":{"line":113,"column":13},"end":{"line":115,"column":7}},"type":"if","locations":[{"start":{"line":113,"column":13},"end":{"line":115,"column":7}},{"start":{"line":113,"column":13},"end":{"line":115,"column":7}}],"line":113},"39":{"loc":{"start":{"line":121,"column":6},"end":{"line":121,"column":37}},"type":"if","locations":[{"start":{"line":121,"column":6},"end":{"line":121,"column":37}},{"start":{"line":121,"column":6},"end":{"line":121,"column":37}}],"line":121},"40":{"loc":{"start":{"line":122,"column":6},"end":{"line":123,"column":50}},"type":"if","locations":[{"start":{"line":122,"column":6},"end":{"line":123,"column":50}},{"start":{"line":122,"column":6},"end":{"line":123,"column":50}}],"line":122},"41":{"loc":{"start":{"line":131,"column":6},"end":{"line":140,"column":7}},"type":"if","locations":[{"start":{"line":131,"column":6},"end":{"line":140,"column":7}},{"start":{"line":131,"column":6},"end":{"line":140,"column":7}}],"line":131},"42":{"loc":{"start":{"line":132,"column":6},"end":{"line":133,"column":47}},"type":"binary-expr","locations":[{"start":{"line":132,"column":6},"end":{"line":132,"column":25}},{"start":{"line":132,"column":29},"end":{"line":132,"column":50}},{"start":{"line":133,"column":6},"end":{"line":133,"column":22}},{"start":{"line":133,"column":26},"end":{"line":133,"column":47}}],"line":132},"43":{"loc":{"start":{"line":149,"column":6},"end":{"line":158,"column":7}},"type":"if","locations":[{"start":{"line":149,"column":6},"end":{"line":158,"column":7}},{"start":{"line":149,"column":6},"end":{"line":158,"column":7}}],"line":149},"44":{"loc":{"start":{"line":150,"column":6},"end":{"line":151,"column":49}},"type":"binary-expr","locations":[{"start":{"line":150,"column":6},"end":{"line":150,"column":23}},{"start":{"line":150,"column":27},"end":{"line":150,"column":48}},{"start":{"line":151,"column":6},"end":{"line":151,"column":24}},{"start":{"line":151,"column":28},"end":{"line":151,"column":49}}],"line":150},"45":{"loc":{"start":{"line":169,"column":13},"end":{"line":169,"column":52}},"type":"binary-expr","locations":[{"start":{"line":169,"column":13},"end":{"line":169,"column":29}},{"start":{"line":169,"column":33},"end":{"line":169,"column":52}}],"line":169},"46":{"loc":{"start":{"line":180,"column":6},"end":{"line":180,"column":48}},"type":"if","locations":[{"start":{"line":180,"column":6},"end":{"line":180,"column":48}},{"start":{"line":180,"column":6},"end":{"line":180,"column":48}}],"line":180},"47":{"loc":{"start":{"line":181,"column":6},"end":{"line":181,"column":101}},"type":"if","locations":[{"start":{"line":181,"column":6},"end":{"line":181,"column":101}},{"start":{"line":181,"column":6},"end":{"line":181,"column":101}}],"line":181},"48":{"loc":{"start":{"line":182,"column":6},"end":{"line":182,"column":41}},"type":"if","locations":[{"start":{"line":182,"column":6},"end":{"line":182,"column":41}},{"start":{"line":182,"column":6},"end":{"line":182,"column":41}}],"line":182},"49":{"loc":{"start":{"line":183,"column":6},"end":{"line":183,"column":42}},"type":"if","locations":[{"start":{"line":183,"column":6},"end":{"line":183,"column":42}},{"start":{"line":183,"column":6},"end":{"line":183,"column":42}}],"line":183},"50":{"loc":{"start":{"line":207,"column":31},"end":{"line":207,"column":65}},"type":"cond-expr","locations":[{"start":{"line":207,"column":44},"end":{"line":207,"column":61}},{"start":{"line":207,"column":64},"end":{"line":207,"column":65}}],"line":207},"51":{"loc":{"start":{"line":208,"column":32},"end":{"line":208,"column":65}},"type":"cond-expr","locations":[{"start":{"line":208,"column":45},"end":{"line":208,"column":46}},{"start":{"line":208,"column":49},"end":{"line":208,"column":65}}],"line":208},"52":{"loc":{"start":{"line":210,"column":14},"end":{"line":210,"column":44}},"type":"cond-expr","locations":[{"start":{"line":210,"column":27},"end":{"line":210,"column":34}},{"start":{"line":210,"column":37},"end":{"line":210,"column":44}}],"line":210},"53":{"loc":{"start":{"line":211,"column":17},"end":{"line":211,"column":76}},"type":"cond-expr","locations":[{"start":{"line":211,"column":36},"end":{"line":211,"column":54}},{"start":{"line":211,"column":57},"end":{"line":211,"column":76}}],"line":211},"54":{"loc":{"start":{"line":217,"column":6},"end":{"line":217,"column":107}},"type":"if","locations":[{"start":{"line":217,"column":6},"end":{"line":217,"column":107}},{"start":{"line":217,"column":6},"end":{"line":217,"column":107}}],"line":217},"55":{"loc":{"start":{"line":217,"column":10},"end":{"line":217,"column":91}},"type":"binary-expr","locations":[{"start":{"line":217,"column":10},"end":{"line":217,"column":48}},{"start":{"line":217,"column":52},"end":{"line":217,"column":91}}],"line":217},"56":{"loc":{"start":{"line":223,"column":6},"end":{"line":223,"column":119}},"type":"if","locations":[{"start":{"line":223,"column":6},"end":{"line":223,"column":119}},{"start":{"line":223,"column":6},"end":{"line":223,"column":119}}],"line":223},"57":{"loc":{"start":{"line":224,"column":6},"end":{"line":224,"column":66}},"type":"if","locations":[{"start":{"line":224,"column":6},"end":{"line":224,"column":66}},{"start":{"line":224,"column":6},"end":{"line":224,"column":66}}],"line":224},"58":{"loc":{"start":{"line":233,"column":26},"end":{"line":233,"column":86}},"type":"cond-expr","locations":[{"start":{"line":233,"column":47},"end":{"line":233,"column":64}},{"start":{"line":233,"column":67},"end":{"line":233,"column":86}}],"line":233},"59":{"loc":{"start":{"line":235,"column":6},"end":{"line":238,"column":126}},"type":"if","locations":[{"start":{"line":235,"column":6},"end":{"line":238,"column":126}},{"start":{"line":235,"column":6},"end":{"line":238,"column":126}}],"line":235},"60":{"loc":{"start":{"line":236,"column":6},"end":{"line":238,"column":126}},"type":"if","locations":[{"start":{"line":236,"column":6},"end":{"line":238,"column":126}},{"start":{"line":236,"column":6},"end":{"line":238,"column":126}}],"line":236},"61":{"loc":{"start":{"line":237,"column":6},"end":{"line":238,"column":126}},"type":"if","locations":[{"start":{"line":237,"column":6},"end":{"line":238,"column":126}},{"start":{"line":237,"column":6},"end":{"line":238,"column":126}}],"line":237},"62":{"loc":{"start":{"line":240,"column":1132},"end":{"line":240,"column":1201}},"type":"if","locations":[{"start":{"line":240,"column":1132},"end":{"line":240,"column":1201}},{"start":{"line":240,"column":1132},"end":{"line":240,"column":1201}}],"line":240},"63":{"loc":{"start":{"line":240,"column":1227},"end":{"line":240,"column":1252}},"type":"if","locations":[{"start":{"line":240,"column":1227},"end":{"line":240,"column":1252}},{"start":{"line":240,"column":1227},"end":{"line":240,"column":1252}}],"line":240},"64":{"loc":{"start":{"line":240,"column":1252},"end":{"line":240,"column":1336}},"type":"if","locations":[{"start":{"line":240,"column":1252},"end":{"line":240,"column":1336}},{"start":{"line":240,"column":1252},"end":{"line":240,"column":1336}}],"line":240},"65":{"loc":{"start":{"line":240,"column":1336},"end":{"line":240,"column":1420}},"type":"if","locations":[{"start":{"line":240,"column":1336},"end":{"line":240,"column":1420}},{"start":{"line":240,"column":1336},"end":{"line":240,"column":1420}}],"line":240},"66":{"loc":{"start":{"line":244,"column":23},"end":{"line":244,"column":56}},"type":"cond-expr","locations":[{"start":{"line":244,"column":37},"end":{"line":244,"column":39}},{"start":{"line":244,"column":42},"end":{"line":244,"column":56}}],"line":244}},"s":{"0":1,"1":1,"2":1,"3":1,"4":1,"5":1,"6":1,"7":1,"8":1,"9":1,"10":1,"11":1,"12":0,"13":1,"14":1,"15":0,"16":1,"17":1,"18":0,"19":1,"20":1,"21":0,"22":1,"23":1,"24":1,"25":1,"26":30,"27":30,"28":30,"29":0,"30":30,"31":1,"32":1,"33":1,"34":1,"35":1,"36":0,"37":0,"38":0,"39":0,"40":0,"41":0,"42":0,"43":1,"44":3,"45":0,"46":1,"47":1,"48":3,"49":3,"50":3,"51":3,"52":3,"53":3,"54":1,"55":1,"56":1,"57":0,"58":1,"59":3,"60":0,"61":3,"62":1,"63":0,"64":1,"65":9,"66":0,"67":9,"68":1,"69":0,"70":1,"71":1,"72":1,"73":1,"74":0,"75":0,"76":1,"77":1,"78":1,"79":3,"80":3,"81":3,"82":3,"83":3,"84":6,"85":3,"86":3,"87":3,"88":3,"89":0,"90":0,"91":0,"92":3,"93":0,"94":0,"95":0,"96":0,"97":0,"98":0,"99":0,"100":0,"101":0,"102":0,"103":0,"104":0,"105":0,"106":0,"107":0,"108":0,"109":0,"110":0,"111":3,"112":0,"113":0,"114":0,"115":0,"116":0,"117":0,"118":0,"119":0,"120":0,"121":0,"122":0,"123":0,"124":0,"125":0,"126":0,"127":0,"128":3,"129":0,"130":0,"131":0,"132":0,"133":0,"134":0,"135":3,"136":0,"137":0,"138":0,"139":0,"140":0,"141":0,"142":0,"143":0,"144":0,"145":0,"146":0,"147":0,"148":0,"149":0,"150":3,"151":0,"152":0,"153":0,"154":0,"155":0,"156":0,"157":0,"158":0,"159":0,"160":0,"161":0,"162":0,"163":0,"164":0,"165":0,"166":3,"167":8,"168":8,"169":8,"170":8,"171":3,"172":0,"173":0,"174":0,"175":0,"176":0,"177":0,"178":0,"179":0,"180":0,"181":0,"182":0,"183":0,"184":0,"185":0,"186":0,"187":0,"188":0,"189":0,"190":3,"191":2,"192":2,"193":2,"194":2,"195":2,"196":2,"197":3,"198":3,"199":3,"200":3,"201":3,"202":2,"203":3,"204":1,"205":1,"206":1,"207":1,"208":0,"209":1,"210":3,"211":1,"212":1,"213":1,"214":1,"215":0,"216":1,"217":1,"218":0,"219":3,"220":6,"221":6,"222":6,"223":6,"224":6,"225":6,"226":6,"227":6,"228":6,"229":6,"230":6,"231":6,"232":6,"233":6,"234":6,"235":6,"236":0,"237":6,"238":0,"239":6,"240":3,"241":3,"242":6,"243":3,"244":1,"245":3,"246":3,"247":0,"248":0,"249":0,"250":0,"251":0,"252":0,"253":0,"254":3,"255":3,"256":3,"257":3,"258":3,"259":3,"260":3,"261":3,"262":3,"263":3,"264":3,"265":0,"266":0,"267":0,"268":0,"269":6,"270":6,"271":6,"272":6,"273":6,"274":1,"275":1,"276":1},"f":{"0":1,"1":1,"2":0,"3":1,"4":1,"5":0,"6":3,"7":1,"8":1,"9":3,"10":1,"11":0,"12":9,"13":1,"14":1,"15":0,"16":1,"17":3,"18":0,"19":0,"20":0,"21":0,"22":0,"23":0,"24":8,"25":0,"26":2,"27":3,"28":1,"29":1,"30":6,"31":3,"32":0,"33":0,"34":0,"35":0,"36":0,"37":0,"38":0,"39":3,"40":6,"41":0},"b":{"0":[1,0],"1":[1,1],"2":[0,1],"3":[0,1],"4":[1,1],"5":[0,1],"6":[1,1],"7":[1,0],"8":[1,1],"9":[30,0],"10":[30,0],"11":[0,30],"12":[30,30,30],"13":[1,0],"14":[1,0],"15":[0,0],"16":[0,3],"17":[3,3],"18":[3,0],"19":[1,0],"20":[0,1],"21":[0,3],"22":[3,0,0],"23":[1,0],"24":[0,0],"25":[0,9],"26":[0,1],"27":[1,0],"28":[1,1],"29":[1,0],"30":[1,0],"31":[0,0],"32":[0,0],"33":[0,0],"34":[0,0],"35":[0,0],"36":[0,0],"37":[0,0],"38":[0,0],"39":[0,0],"40":[0,0],"41":[0,0],"42":[0,0,0,0],"43":[0,0],"44":[0,0,0,0],"45":[8,5],"46":[0,0],"47":[0,0],"48":[0,0],"49":[0,0],"50":[2,1],"51":[2,1],"52":[2,0],"53":[2,0],"54":[0,1],"55":[1,1],"56":[0,1],"57":[1,0],"58":[5,1],"59":[0,6],"60":[0,6],"61":[3,3],"62":[3,0],"63":[3,0],"64":[0,0],"65":[0,0],"66":[0,6]},"_coverageSchema":"43e27e138ebf9cfc5966b082cf9a028302ed4184","hash":"3372ac0e8b0d5d78cdbdb79c7ed5deef4e4bee59"}
,"/Users/egorderyabin/WebstormProjects/rn-sliding-view/styles.js": {"path":"/Users/egorderyabin/WebstormProjects/rn-sliding-view/styles.js","statementMap":{"0":{"start":{"line":1,"column":13},"end":{"line":1,"column":75}},"1":{"start":{"line":1,"column":75},"end":{"line":1,"column":100}},"2":{"start":{"line":1,"column":119},"end":{"line":1,"column":142}},"3":{"start":{"line":2,"column":35},"end":{"line":2,"column":76}},"4":{"start":{"line":7,"column":0},"end":{"line":18,"column":27}},"5":{"start":{"line":18,"column":28},"end":{"line":18,"column":55}}},"fnMap":{},"branchMap":{},"s":{"0":1,"1":1,"2":1,"3":1,"4":1,"5":1},"f":{},"b":{},"_coverageSchema":"43e27e138ebf9cfc5966b082cf9a028302ed4184","hash":"f5b1c4d0b86d7be9a02eb04bd6382bbaece35f24"}
}
