{"/Users/egorderyabin/WebstormProjects/rn-sliding-view/constants.js": {"path":"/Users/egorderyabin/WebstormProjects/rn-sliding-view/constants.js","statementMap":{"0":{"start":{"line":1,"column":13},"end":{"line":1,"column":75}},"1":{"start":{"line":1,"column":75},"end":{"line":1,"column":119}},"2":{"start":{"line":1,"column":132},"end":{"line":2,"column":61}},"3":{"start":{"line":2,"column":62},"end":{"line":2,"column":86}},"4":{"start":{"line":5,"column":16},"end":{"line":9,"column":18}},"5":{"start":{"line":9,"column":19},"end":{"line":9,"column":49}}},"fnMap":{},"branchMap":{},"s":{"0":1,"1":1,"2":1,"3":1,"4":1,"5":1},"f":{},"b":{},"_coverageSchema":"43e27e138ebf9cfc5966b082cf9a028302ed4184","hash":"6a9e269d5d8de1989b33628015889f1ffec393dd"}
,"/Users/egorderyabin/WebstormProjects/rn-sliding-view/index.js": {"path":"/Users/egorderyabin/WebstormProjects/rn-sliding-view/index.js","statementMap":{"0":{"start":{"line":1,"column":13},"end":{"line":1,"column":75}},"1":{"start":{"line":1,"column":75},"end":{"line":1,"column":100}},"2":{"start":{"line":3,"column":13},"end":{"line":3,"column":54}},"3":{"start":{"line":4,"column":19},"end":{"line":4,"column":42}},"4":{"start":{"line":5,"column":35},"end":{"line":5,"column":76}},"5":{"start":{"line":6,"column":34},"end":{"line":6,"column":75}},"6":{"start":{"line":7,"column":35},"end":{"line":7,"column":76}},"7":{"start":{"line":11,"column":17},"end":{"line":11,"column":39}},"8":{"start":{"line":12,"column":14},"end":{"line":12,"column":57}},"9":{"start":{"line":12,"column":77},"end":{"line":12,"column":140}},"10":{"start":{"line":12,"column":179},"end":{"line":12,"column":233}},"11":{"start":{"line":12,"column":271},"end":{"line":12,"column":318}},"12":{"start":{"line":12,"column":306},"end":{"line":12,"column":318}},"13":{"start":{"line":12,"column":330},"end":{"line":12,"column":343}},"14":{"start":{"line":12,"column":344},"end":{"line":12,"column":423}},"15":{"start":{"line":12,"column":408},"end":{"line":12,"column":421}},"16":{"start":{"line":12,"column":423},"end":{"line":12,"column":436}},"17":{"start":{"line":12,"column":476},"end":{"line":12,"column":516}},"18":{"start":{"line":12,"column":504},"end":{"line":12,"column":515}},"19":{"start":{"line":12,"column":528},"end":{"line":12,"column":554}},"20":{"start":{"line":12,"column":555},"end":{"line":12,"column":608}},"21":{"start":{"line":12,"column":585},"end":{"line":12,"column":607}},"22":{"start":{"line":12,"column":621},"end":{"line":12,"column":623}},"23":{"start":{"line":12,"column":624},"end":{"line":12,"column":999}},"24":{"start":{"line":12,"column":670},"end":{"line":12,"column":726}},"25":{"start":{"line":12,"column":727},"end":{"line":12,"column":998}},"26":{"start":{"line":12,"column":749},"end":{"line":12,"column":997}},"27":{"start":{"line":12,"column":813},"end":{"line":12,"column":885}},"28":{"start":{"line":12,"column":886},"end":{"line":12,"column":996}},"29":{"start":{"line":12,"column":923},"end":{"line":12,"column":964}},"30":{"start":{"line":12,"column":972},"end":{"line":12,"column":995}},"31":{"start":{"line":12,"column":999},"end":{"line":12,"column":1020}},"32":{"start":{"line":12,"column":1020},"end":{"line":12,"column":1056}},"33":{"start":{"line":12,"column":1032},"end":{"line":12,"column":1055}},"34":{"start":{"line":12,"column":1056},"end":{"line":12,"column":1070}},"35":{"start":{"line":12,"column":1092},"end":{"line":12,"column":1335}},"36":{"start":{"line":12,"column":1139},"end":{"line":12,"column":1319}},"37":{"start":{"line":12,"column":1152},"end":{"line":12,"column":1153}},"38":{"start":{"line":12,"column":1196},"end":{"line":12,"column":1208}},"39":{"start":{"line":12,"column":1209},"end":{"line":12,"column":1318}},"40":{"start":{"line":12,"column":1234},"end":{"line":12,"column":1317}},"41":{"start":{"line":12,"column":1290},"end":{"line":12,"column":1316}},"42":{"start":{"line":12,"column":1319},"end":{"line":12,"column":1333}},"43":{"start":{"line":12,"column":1335},"end":{"line":12,"column":1374}},"44":{"start":{"line":12,"column":1424},"end":{"line":12,"column":1523}},"45":{"start":{"line":12,"column":1465},"end":{"line":12,"column":1522}},"46":{"start":{"line":12,"column":1567},"end":{"line":12,"column":1832}},"47":{"start":{"line":12,"column":1580},"end":{"line":12,"column":1581}},"48":{"start":{"line":12,"column":1624},"end":{"line":12,"column":1632}},"49":{"start":{"line":12,"column":1633},"end":{"line":12,"column":1688}},"50":{"start":{"line":12,"column":1688},"end":{"line":12,"column":1719}},"51":{"start":{"line":12,"column":1719},"end":{"line":12,"column":1773}},"52":{"start":{"line":12,"column":1746},"end":{"line":12,"column":1773}},"53":{"start":{"line":12,"column":1773},"end":{"line":12,"column":1831}},"54":{"start":{"line":12,"column":1894},"end":{"line":12,"column":1963}},"55":{"start":{"line":12,"column":1910},"end":{"line":12,"column":1963}},"56":{"start":{"line":12,"column":1963},"end":{"line":12,"column":2024}},"57":{"start":{"line":12,"column":1980},"end":{"line":12,"column":2024}},"58":{"start":{"line":12,"column":2024},"end":{"line":12,"column":2043}},"59":{"start":{"line":12,"column":2093},"end":{"line":12,"column":2177}},"60":{"start":{"line":12,"column":2164},"end":{"line":12,"column":2176}},"61":{"start":{"line":12,"column":2177},"end":{"line":12,"column":2213}},"62":{"start":{"line":12,"column":2243},"end":{"line":12,"column":2387}},"63":{"start":{"line":12,"column":2338},"end":{"line":12,"column":2385}},"64":{"start":{"line":12,"column":2387},"end":{"line":12,"column":2413}},"65":{"start":{"line":12,"column":2453},"end":{"line":12,"column":2562}},"66":{"start":{"line":12,"column":2475},"end":{"line":12,"column":2561}},"67":{"start":{"line":12,"column":2562},"end":{"line":12,"column":2574}},"68":{"start":{"line":12,"column":2617},"end":{"line":12,"column":2754}},"69":{"start":{"line":12,"column":2679},"end":{"line":12,"column":2753}},"70":{"start":{"line":12,"column":2754},"end":{"line":12,"column":2899}},"71":{"start":{"line":12,"column":2899},"end":{"line":12,"column":2953}},"72":{"start":{"line":12,"column":2915},"end":{"line":12,"column":2953}},"73":{"start":{"line":12,"column":2986},"end":{"line":12,"column":3088}},"74":{"start":{"line":12,"column":3061},"end":{"line":12,"column":3077}},"75":{"start":{"line":12,"column":3077},"end":{"line":12,"column":3086}},"76":{"start":{"line":12,"column":3088},"end":{"line":12,"column":3117}},"77":{"start":{"line":35,"column":14},"end":{"line":259,"column":48}},"78":{"start":{"line":35,"column":37},"end":{"line":35,"column":72}},"79":{"start":{"line":36,"column":41},"end":{"line":36,"column":76}},"80":{"start":{"line":37,"column":4},"end":{"line":37,"column":93}},"81":{"start":{"line":37,"column":93},"end":{"line":82,"column":101}},"82":{"start":{"line":82,"column":101},"end":{"line":84,"column":43}},"83":{"start":{"line":84,"column":43},"end":{"line":91,"column":6}},"84":{"start":{"line":87,"column":6},"end":{"line":89,"column":7}},"85":{"start":{"line":88,"column":8},"end":{"line":88,"column":54}},"86":{"start":{"line":90,"column":6},"end":{"line":90,"column":54}},"87":{"start":{"line":91,"column":6},"end":{"line":109,"column":6}},"88":{"start":{"line":94,"column":6},"end":{"line":94,"column":17}},"89":{"start":{"line":94,"column":29},"end":{"line":94,"column":49}},"90":{"start":{"line":94,"column":59},"end":{"line":94,"column":77}},"91":{"start":{"line":95,"column":15},"end":{"line":95,"column":42}},"92":{"start":{"line":96,"column":14},"end":{"line":96,"column":32}},"93":{"start":{"line":96,"column":49},"end":{"line":96,"column":75}},"94":{"start":{"line":96,"column":104},"end":{"line":96,"column":133}},"95":{"start":{"line":97,"column":10},"end":{"line":97,"column":33}},"96":{"start":{"line":98,"column":17},"end":{"line":98,"column":23}},"97":{"start":{"line":99,"column":17},"end":{"line":99,"column":18}},"98":{"start":{"line":101,"column":6},"end":{"line":101,"column":99}},"99":{"start":{"line":102,"column":6},"end":{"line":102,"column":35}},"100":{"start":{"line":102,"column":22},"end":{"line":102,"column":35}},"101":{"start":{"line":103,"column":6},"end":{"line":107,"column":7}},"102":{"start":{"line":104,"column":8},"end":{"line":104,"column":20}},"103":{"start":{"line":105,"column":13},"end":{"line":107,"column":7}},"104":{"start":{"line":106,"column":8},"end":{"line":106,"column":20}},"105":{"start":{"line":108,"column":6},"end":{"line":108,"column":23}},"106":{"start":{"line":109,"column":6},"end":{"line":126,"column":6}},"107":{"start":{"line":112,"column":6},"end":{"line":112,"column":17}},"108":{"start":{"line":112,"column":29},"end":{"line":112,"column":50}},"109":{"start":{"line":112,"column":59},"end":{"line":112,"column":77}},"110":{"start":{"line":113,"column":22},"end":{"line":113,"column":48}},"111":{"start":{"line":113,"column":57},"end":{"line":113,"column":75}},"112":{"start":{"line":114,"column":13},"end":{"line":114,"column":38}},"113":{"start":{"line":114,"column":68},"end":{"line":114,"column":97}},"114":{"start":{"line":115,"column":10},"end":{"line":115,"column":34}},"115":{"start":{"line":116,"column":17},"end":{"line":116,"column":22}},"116":{"start":{"line":117,"column":17},"end":{"line":117,"column":18}},"117":{"start":{"line":119,"column":6},"end":{"line":119,"column":97}},"118":{"start":{"line":120,"column":6},"end":{"line":124,"column":7}},"119":{"start":{"line":121,"column":8},"end":{"line":121,"column":20}},"120":{"start":{"line":122,"column":13},"end":{"line":124,"column":7}},"121":{"start":{"line":123,"column":8},"end":{"line":123,"column":20}},"122":{"start":{"line":125,"column":6},"end":{"line":125,"column":23}},"123":{"start":{"line":126,"column":6},"end":{"line":133,"column":6}},"124":{"start":{"line":129,"column":27},"end":{"line":129,"column":57}},"125":{"start":{"line":130,"column":6},"end":{"line":130,"column":37}},"126":{"start":{"line":130,"column":30},"end":{"line":130,"column":37}},"127":{"start":{"line":131,"column":6},"end":{"line":132,"column":50}},"128":{"start":{"line":131,"column":30},"end":{"line":131,"column":72}},"129":{"start":{"line":132,"column":6},"end":{"line":132,"column":50}},"130":{"start":{"line":133,"column":6},"end":{"line":151,"column":6}},"131":{"start":{"line":136,"column":15},"end":{"line":136,"column":42}},"132":{"start":{"line":136,"column":49},"end":{"line":136,"column":73}},"133":{"start":{"line":137,"column":14},"end":{"line":137,"column":32}},"134":{"start":{"line":137,"column":49},"end":{"line":137,"column":75}},"135":{"start":{"line":138,"column":6},"end":{"line":138,"column":17}},"136":{"start":{"line":138,"column":38},"end":{"line":138,"column":68}},"137":{"start":{"line":138,"column":80},"end":{"line":138,"column":101}},"138":{"start":{"line":138,"column":129},"end":{"line":138,"column":166}},"139":{"start":{"line":138,"column":196},"end":{"line":138,"column":225}},"140":{"start":{"line":139,"column":21},"end":{"line":139,"column":56}},"141":{"start":{"line":140,"column":6},"end":{"line":149,"column":7}},"142":{"start":{"line":144,"column":8},"end":{"line":146,"column":24}},"143":{"start":{"line":148,"column":8},"end":{"line":148,"column":71}},"144":{"start":{"line":150,"column":6},"end":{"line":150,"column":45}},"145":{"start":{"line":151,"column":6},"end":{"line":169,"column":6}},"146":{"start":{"line":154,"column":13},"end":{"line":154,"column":38}},"147":{"start":{"line":154,"column":47},"end":{"line":154,"column":73}},"148":{"start":{"line":155,"column":14},"end":{"line":155,"column":32}},"149":{"start":{"line":155,"column":49},"end":{"line":155,"column":75}},"150":{"start":{"line":156,"column":6},"end":{"line":156,"column":17}},"151":{"start":{"line":156,"column":38},"end":{"line":156,"column":68}},"152":{"start":{"line":156,"column":80},"end":{"line":156,"column":101}},"153":{"start":{"line":156,"column":110},"end":{"line":156,"column":128}},"154":{"start":{"line":156,"column":156},"end":{"line":156,"column":193}},"155":{"start":{"line":156,"column":223},"end":{"line":156,"column":252}},"156":{"start":{"line":157,"column":21},"end":{"line":157,"column":56}},"157":{"start":{"line":158,"column":6},"end":{"line":167,"column":7}},"158":{"start":{"line":162,"column":8},"end":{"line":164,"column":29}},"159":{"start":{"line":166,"column":8},"end":{"line":166,"column":71}},"160":{"start":{"line":168,"column":6},"end":{"line":168,"column":45}},"161":{"start":{"line":169,"column":6},"end":{"line":179,"column":6}},"162":{"start":{"line":176,"column":17},"end":{"line":176,"column":37}},"163":{"start":{"line":177,"column":12},"end":{"line":177,"column":36}},"164":{"start":{"line":177,"column":46},"end":{"line":177,"column":73}},"165":{"start":{"line":178,"column":6},"end":{"line":178,"column":53}},"166":{"start":{"line":179,"column":6},"end":{"line":194,"column":6}},"167":{"start":{"line":185,"column":47},"end":{"line":185,"column":56}},"168":{"start":{"line":186,"column":6},"end":{"line":186,"column":17}},"169":{"start":{"line":186,"column":27},"end":{"line":186,"column":46}},"170":{"start":{"line":186,"column":58},"end":{"line":186,"column":79}},"171":{"start":{"line":187,"column":15},"end":{"line":187,"column":42}},"172":{"start":{"line":187,"column":51},"end":{"line":187,"column":77}},"173":{"start":{"line":187,"column":84},"end":{"line":187,"column":108}},"174":{"start":{"line":187,"column":116},"end":{"line":187,"column":141}},"175":{"start":{"line":188,"column":20},"end":{"line":188,"column":24}},"176":{"start":{"line":189,"column":6},"end":{"line":189,"column":48}},"177":{"start":{"line":189,"column":31},"end":{"line":189,"column":48}},"178":{"start":{"line":190,"column":6},"end":{"line":190,"column":101}},"179":{"start":{"line":190,"column":28},"end":{"line":190,"column":101}},"180":{"start":{"line":191,"column":6},"end":{"line":191,"column":41}},"181":{"start":{"line":191,"column":29},"end":{"line":191,"column":41}},"182":{"start":{"line":192,"column":6},"end":{"line":192,"column":42}},"183":{"start":{"line":192,"column":30},"end":{"line":192,"column":42}},"184":{"start":{"line":193,"column":6},"end":{"line":193,"column":54}},"185":{"start":{"line":194,"column":6},"end":{"line":208,"column":6}},"186":{"start":{"line":201,"column":43},"end":{"line":201,"column":53}},"187":{"start":{"line":201,"column":64},"end":{"line":201,"column":77}},"188":{"start":{"line":202,"column":6},"end":{"line":202,"column":17}},"189":{"start":{"line":202,"column":38},"end":{"line":202,"column":68}},"190":{"start":{"line":202,"column":77},"end":{"line":202,"column":95}},"191":{"start":{"line":203,"column":6},"end":{"line":207,"column":14}},"192":{"start":{"line":208,"column":6},"end":{"line":222,"column":6}},"193":{"start":{"line":214,"column":25},"end":{"line":214,"column":53}},"194":{"start":{"line":215,"column":23},"end":{"line":215,"column":41}},"195":{"start":{"line":216,"column":31},"end":{"line":216,"column":65}},"196":{"start":{"line":217,"column":32},"end":{"line":217,"column":65}},"197":{"start":{"line":218,"column":6},"end":{"line":220,"column":80}},"198":{"start":{"line":222,"column":6},"end":{"line":228,"column":6}},"199":{"start":{"line":225,"column":6},"end":{"line":225,"column":17}},"200":{"start":{"line":225,"column":26},"end":{"line":225,"column":44}},"201":{"start":{"line":225,"column":56},"end":{"line":225,"column":77}},"202":{"start":{"line":226,"column":6},"end":{"line":226,"column":107}},"203":{"start":{"line":226,"column":93},"end":{"line":226,"column":107}},"204":{"start":{"line":227,"column":6},"end":{"line":227,"column":59}},"205":{"start":{"line":228,"column":6},"end":{"line":235,"column":6}},"206":{"start":{"line":231,"column":6},"end":{"line":231,"column":17}},"207":{"start":{"line":231,"column":27},"end":{"line":231,"column":46}},"208":{"start":{"line":231,"column":58},"end":{"line":231,"column":79}},"209":{"start":{"line":232,"column":6},"end":{"line":232,"column":119}},"210":{"start":{"line":232,"column":49},"end":{"line":232,"column":119}},"211":{"start":{"line":233,"column":6},"end":{"line":233,"column":66}},"212":{"start":{"line":233,"column":52},"end":{"line":233,"column":66}},"213":{"start":{"line":234,"column":6},"end":{"line":234,"column":59}},"214":{"start":{"line":235,"column":6},"end":{"line":249,"column":6}},"215":{"start":{"line":238,"column":6},"end":{"line":238,"column":17}},"216":{"start":{"line":238,"column":29},"end":{"line":238,"column":50}},"217":{"start":{"line":238,"column":59},"end":{"line":238,"column":77}},"218":{"start":{"line":238,"column":87},"end":{"line":238,"column":106}},"219":{"start":{"line":238,"column":124},"end":{"line":238,"column":151}},"220":{"start":{"line":238,"column":181},"end":{"line":238,"column":210}},"221":{"start":{"line":239,"column":10},"end":{"line":239,"column":34}},"222":{"start":{"line":239,"column":39},"end":{"line":239,"column":63}},"223":{"start":{"line":240,"column":13},"end":{"line":240,"column":38}},"224":{"start":{"line":240,"column":47},"end":{"line":240,"column":73}},"225":{"start":{"line":240,"column":83},"end":{"line":240,"column":110}},"226":{"start":{"line":241,"column":26},"end":{"line":241,"column":59}},"227":{"start":{"line":241,"column":82},"end":{"line":241,"column":117}},"228":{"start":{"line":242,"column":26},"end":{"line":242,"column":86}},"229":{"start":{"line":243,"column":27},"end":{"line":243,"column":31}},"230":{"start":{"line":244,"column":6},"end":{"line":247,"column":126}},"231":{"start":{"line":244,"column":29},"end":{"line":244,"column":87}},"232":{"start":{"line":245,"column":6},"end":{"line":247,"column":126}},"233":{"start":{"line":245,"column":30},"end":{"line":245,"column":90}},"234":{"start":{"line":246,"column":6},"end":{"line":247,"column":126}},"235":{"start":{"line":246,"column":31},"end":{"line":246,"column":101}},"236":{"start":{"line":247,"column":6},"end":{"line":247,"column":126}},"237":{"start":{"line":248,"column":6},"end":{"line":248,"column":61}},"238":{"start":{"line":249,"column":6},"end":{"line":249,"column":705}},"239":{"start":{"line":249,"column":141},"end":{"line":249,"column":153}},"240":{"start":{"line":249,"column":235},"end":{"line":249,"column":248}},"241":{"start":{"line":249,"column":314},"end":{"line":249,"column":326}},"242":{"start":{"line":249,"column":406},"end":{"line":249,"column":418}},"243":{"start":{"line":249,"column":483},"end":{"line":249,"column":507}},"244":{"start":{"line":249,"column":578},"end":{"line":249,"column":606}},"245":{"start":{"line":249,"column":688},"end":{"line":249,"column":700}},"246":{"start":{"line":249,"column":705},"end":{"line":249,"column":718}},"247":{"start":{"line":249,"column":719},"end":{"line":259,"column":10}},"248":{"start":{"line":249,"column":834},"end":{"line":249,"column":861}},"249":{"start":{"line":249,"column":862},"end":{"line":249,"column":900}},"250":{"start":{"line":249,"column":885},"end":{"line":249,"column":899}},"251":{"start":{"line":249,"column":1001},"end":{"line":249,"column":1011}},"252":{"start":{"line":249,"column":1031},"end":{"line":249,"column":1061}},"253":{"start":{"line":249,"column":1076},"end":{"line":249,"column":1101}},"254":{"start":{"line":249,"column":1121},"end":{"line":249,"column":1151}},"255":{"start":{"line":249,"column":1171},"end":{"line":249,"column":1201}},"256":{"start":{"line":249,"column":1202},"end":{"line":249,"column":1271}},"257":{"start":{"line":249,"column":1256},"end":{"line":249,"column":1270}},"258":{"start":{"line":249,"column":1279},"end":{"line":249,"column":1285}},"259":{"start":{"line":249,"column":1290},"end":{"line":249,"column":1296}},"260":{"start":{"line":249,"column":1297},"end":{"line":249,"column":1322}},"261":{"start":{"line":249,"column":1315},"end":{"line":249,"column":1322}},"262":{"start":{"line":249,"column":1322},"end":{"line":249,"column":1406}},"263":{"start":{"line":249,"column":1376},"end":{"line":249,"column":1405}},"264":{"start":{"line":249,"column":1406},"end":{"line":249,"column":1490}},"265":{"start":{"line":249,"column":1460},"end":{"line":249,"column":1489}},"266":{"start":{"line":252,"column":6},"end":{"line":252,"column":16}},"267":{"start":{"line":252,"column":28},"end":{"line":252,"column":50}},"268":{"start":{"line":252,"column":65},"end":{"line":252,"column":90}},"269":{"start":{"line":253,"column":23},"end":{"line":253,"column":56}},"270":{"start":{"line":254,"column":6},"end":{"line":256,"column":19}},"271":{"start":{"line":259,"column":10},"end":{"line":259,"column":29}},"272":{"start":{"line":259,"column":49},"end":{"line":259,"column":79}},"273":{"start":{"line":262,"column":0},"end":{"line":273,"column":69}}},"fnMap":{"0":{"name":"_interopRequireDefault","decl":{"start":{"line":12,"column":150},"end":{"line":12,"column":172}},"loc":{"start":{"line":12,"column":178},"end":{"line":12,"column":234}},"line":12},"1":{"name":"_getRequireWildcardCache","decl":{"start":{"line":12,"column":243},"end":{"line":12,"column":267}},"loc":{"start":{"line":12,"column":270},"end":{"line":12,"column":437}},"line":12},"2":{"name":"_getRequireWildcardCache","decl":{"start":{"line":12,"column":380},"end":{"line":12,"column":404}},"loc":{"start":{"line":12,"column":407},"end":{"line":12,"column":422}},"line":12},"3":{"name":"_interopRequireWildcard","decl":{"start":{"line":12,"column":446},"end":{"line":12,"column":469}},"loc":{"start":{"line":12,"column":475},"end":{"line":12,"column":1071}},"line":12},"4":{"name":"_extends","decl":{"start":{"line":12,"column":1080},"end":{"line":12,"column":1088}},"loc":{"start":{"line":12,"column":1091},"end":{"line":12,"column":1375}},"line":12},"5":{"name":"(anonymous_5)","decl":{"start":{"line":12,"column":1120},"end":{"line":12,"column":1121}},"loc":{"start":{"line":12,"column":1138},"end":{"line":12,"column":1334}},"line":12},"6":{"name":"_classCallCheck","decl":{"start":{"line":12,"column":1384},"end":{"line":12,"column":1399}},"loc":{"start":{"line":12,"column":1423},"end":{"line":12,"column":1524}},"line":12},"7":{"name":"_defineProperties","decl":{"start":{"line":12,"column":1533},"end":{"line":12,"column":1550}},"loc":{"start":{"line":12,"column":1566},"end":{"line":12,"column":1833}},"line":12},"8":{"name":"_createClass","decl":{"start":{"line":12,"column":1842},"end":{"line":12,"column":1854}},"loc":{"start":{"line":12,"column":1893},"end":{"line":12,"column":2044}},"line":12},"9":{"name":"_possibleConstructorReturn","decl":{"start":{"line":12,"column":2053},"end":{"line":12,"column":2079}},"loc":{"start":{"line":12,"column":2092},"end":{"line":12,"column":2214}},"line":12},"10":{"name":"_getPrototypeOf","decl":{"start":{"line":12,"column":2223},"end":{"line":12,"column":2238}},"loc":{"start":{"line":12,"column":2242},"end":{"line":12,"column":2414}},"line":12},"11":{"name":"_getPrototypeOf","decl":{"start":{"line":12,"column":2318},"end":{"line":12,"column":2333}},"loc":{"start":{"line":12,"column":2337},"end":{"line":12,"column":2386}},"line":12},"12":{"name":"_assertThisInitialized","decl":{"start":{"line":12,"column":2423},"end":{"line":12,"column":2445}},"loc":{"start":{"line":12,"column":2452},"end":{"line":12,"column":2575}},"line":12},"13":{"name":"_inherits","decl":{"start":{"line":12,"column":2584},"end":{"line":12,"column":2593}},"loc":{"start":{"line":12,"column":2616},"end":{"line":12,"column":2954}},"line":12},"14":{"name":"_setPrototypeOf","decl":{"start":{"line":12,"column":2963},"end":{"line":12,"column":2978}},"loc":{"start":{"line":12,"column":2985},"end":{"line":12,"column":3118}},"line":12},"15":{"name":"_setPrototypeOf","decl":{"start":{"line":12,"column":3038},"end":{"line":12,"column":3053}},"loc":{"start":{"line":12,"column":3060},"end":{"line":12,"column":3087}},"line":12},"16":{"name":"(anonymous_16)","decl":{"start":{"line":35,"column":14},"end":{"line":35,"column":15}},"loc":{"start":{"line":35,"column":36},"end":{"line":259,"column":30}},"line":35},"17":{"name":"SlidingView","decl":{"start":{"line":36,"column":11},"end":{"line":36,"column":22}},"loc":{"start":{"line":36,"column":30},"end":{"line":249,"column":719}},"line":36},"18":{"name":"(anonymous_18)","decl":{"start":{"line":86,"column":10},"end":{"line":86,"column":11}},"loc":{"start":{"line":86,"column":34},"end":{"line":91,"column":5}},"line":86},"19":{"name":"(anonymous_19)","decl":{"start":{"line":93,"column":25},"end":{"line":93,"column":26}},"loc":{"start":{"line":93,"column":49},"end":{"line":109,"column":5}},"line":93},"20":{"name":"(anonymous_20)","decl":{"start":{"line":111,"column":27},"end":{"line":111,"column":28}},"loc":{"start":{"line":111,"column":51},"end":{"line":126,"column":5}},"line":111},"21":{"name":"(anonymous_21)","decl":{"start":{"line":128,"column":14},"end":{"line":128,"column":15}},"loc":{"start":{"line":128,"column":38},"end":{"line":133,"column":5}},"line":128},"22":{"name":"(anonymous_22)","decl":{"start":{"line":135,"column":28},"end":{"line":135,"column":29}},"loc":{"start":{"line":135,"column":52},"end":{"line":151,"column":5}},"line":135},"23":{"name":"(anonymous_23)","decl":{"start":{"line":153,"column":30},"end":{"line":153,"column":31}},"loc":{"start":{"line":153,"column":54},"end":{"line":169,"column":5}},"line":153},"24":{"name":"(anonymous_24)","decl":{"start":{"line":175,"column":17},"end":{"line":175,"column":18}},"loc":{"start":{"line":175,"column":29},"end":{"line":179,"column":5}},"line":175},"25":{"name":"(anonymous_25)","decl":{"start":{"line":185,"column":19},"end":{"line":185,"column":20}},"loc":{"start":{"line":185,"column":35},"end":{"line":194,"column":5}},"line":185},"26":{"name":"(anonymous_26)","decl":{"start":{"line":201,"column":14},"end":{"line":201,"column":15}},"loc":{"start":{"line":201,"column":31},"end":{"line":208,"column":5}},"line":201},"27":{"name":"(anonymous_27)","decl":{"start":{"line":213,"column":13},"end":{"line":213,"column":14}},"loc":{"start":{"line":213,"column":25},"end":{"line":222,"column":5}},"line":213},"28":{"name":"(anonymous_28)","decl":{"start":{"line":224,"column":15},"end":{"line":224,"column":16}},"loc":{"start":{"line":224,"column":27},"end":{"line":228,"column":5}},"line":224},"29":{"name":"(anonymous_29)","decl":{"start":{"line":230,"column":16},"end":{"line":230,"column":17}},"loc":{"start":{"line":230,"column":28},"end":{"line":235,"column":5}},"line":230},"30":{"name":"(anonymous_30)","decl":{"start":{"line":237,"column":16},"end":{"line":237,"column":17}},"loc":{"start":{"line":237,"column":28},"end":{"line":249,"column":5}},"line":237},"31":{"name":"onStartShouldSetResponder","decl":{"start":{"line":249,"column":112},"end":{"line":249,"column":137}},"loc":{"start":{"line":249,"column":140},"end":{"line":249,"column":154}},"line":249},"32":{"name":"onStartShouldSetResponderCapture","decl":{"start":{"line":249,"column":199},"end":{"line":249,"column":231}},"loc":{"start":{"line":249,"column":234},"end":{"line":249,"column":249}},"line":249},"33":{"name":"onMoveShouldSetResponder","decl":{"start":{"line":249,"column":286},"end":{"line":249,"column":310}},"loc":{"start":{"line":249,"column":313},"end":{"line":249,"column":327}},"line":249},"34":{"name":"onMoveShouldSetResponderCapture","decl":{"start":{"line":249,"column":371},"end":{"line":249,"column":402}},"loc":{"start":{"line":249,"column":405},"end":{"line":249,"column":419}},"line":249},"35":{"name":"onResponderMove","decl":{"start":{"line":249,"column":447},"end":{"line":249,"column":462}},"loc":{"start":{"line":249,"column":482},"end":{"line":249,"column":508}},"line":249},"36":{"name":"onResponderRelease","decl":{"start":{"line":249,"column":539},"end":{"line":249,"column":557}},"loc":{"start":{"line":249,"column":577},"end":{"line":249,"column":607}},"line":249},"37":{"name":"onPanResponderTerminationRequest","decl":{"start":{"line":249,"column":652},"end":{"line":249,"column":684}},"loc":{"start":{"line":249,"column":687},"end":{"line":249,"column":701}},"line":249},"38":{"name":"componentDidMount","decl":{"start":{"line":249,"column":790},"end":{"line":249,"column":807}},"loc":{"start":{"line":249,"column":810},"end":{"line":249,"column":901}},"line":249},"39":{"name":"componentDidUpdate","decl":{"start":{"line":249,"column":950},"end":{"line":249,"column":968}},"loc":{"start":{"line":249,"column":980},"end":{"line":249,"column":1491}},"line":249},"40":{"name":"render","decl":{"start":{"line":249,"column":1528},"end":{"line":249,"column":1534}},"loc":{"start":{"line":251,"column":4},"end":{"line":259,"column":5}},"line":251},"41":{"name":"changeVisibilityCallback","decl":{"start":{"line":273,"column":37},"end":{"line":273,"column":61}},"loc":{"start":{"line":273,"column":64},"end":{"line":273,"column":66}},"line":273}},"branchMap":{"0":{"loc":{"start":{"line":12,"column":186},"end":{"line":12,"column":232}},"type":"cond-expr","locations":[{"start":{"line":12,"column":210},"end":{"line":12,"column":213}},{"start":{"line":12,"column":216},"end":{"line":12,"column":232}}],"line":12},"1":{"loc":{"start":{"line":12,"column":186},"end":{"line":12,"column":207}},"type":"binary-expr","locations":[{"start":{"line":12,"column":186},"end":{"line":12,"column":189}},{"start":{"line":12,"column":193},"end":{"line":12,"column":207}}],"line":12},"2":{"loc":{"start":{"line":12,"column":271},"end":{"line":12,"column":318}},"type":"if","locations":[{"start":{"line":12,"column":271},"end":{"line":12,"column":318}},{"start":{"line":12,"column":271},"end":{"line":12,"column":318}}],"line":12},"3":{"loc":{"start":{"line":12,"column":476},"end":{"line":12,"column":516}},"type":"if","locations":[{"start":{"line":12,"column":476},"end":{"line":12,"column":516}},{"start":{"line":12,"column":476},"end":{"line":12,"column":516}}],"line":12},"4":{"loc":{"start":{"line":12,"column":480},"end":{"line":12,"column":501}},"type":"binary-expr","locations":[{"start":{"line":12,"column":480},"end":{"line":12,"column":483}},{"start":{"line":12,"column":487},"end":{"line":12,"column":501}}],"line":12},"5":{"loc":{"start":{"line":12,"column":555},"end":{"line":12,"column":608}},"type":"if","locations":[{"start":{"line":12,"column":555},"end":{"line":12,"column":608}},{"start":{"line":12,"column":555},"end":{"line":12,"column":608}}],"line":12},"6":{"loc":{"start":{"line":12,"column":559},"end":{"line":12,"column":582}},"type":"binary-expr","locations":[{"start":{"line":12,"column":559},"end":{"line":12,"column":564}},{"start":{"line":12,"column":568},"end":{"line":12,"column":582}}],"line":12},"7":{"loc":{"start":{"line":12,"column":624},"end":{"line":12,"column":999}},"type":"if","locations":[{"start":{"line":12,"column":624},"end":{"line":12,"column":999}},{"start":{"line":12,"column":624},"end":{"line":12,"column":999}}],"line":12},"8":{"loc":{"start":{"line":12,"column":670},"end":{"line":12,"column":726}},"type":"binary-expr","locations":[{"start":{"line":12,"column":670},"end":{"line":12,"column":691}},{"start":{"line":12,"column":695},"end":{"line":12,"column":726}}],"line":12},"9":{"loc":{"start":{"line":12,"column":749},"end":{"line":12,"column":997}},"type":"if","locations":[{"start":{"line":12,"column":749},"end":{"line":12,"column":997}},{"start":{"line":12,"column":749},"end":{"line":12,"column":997}}],"line":12},"10":{"loc":{"start":{"line":12,"column":813},"end":{"line":12,"column":885}},"type":"cond-expr","locations":[{"start":{"line":12,"column":837},"end":{"line":12,"column":878}},{"start":{"line":12,"column":881},"end":{"line":12,"column":885}}],"line":12},"11":{"loc":{"start":{"line":12,"column":886},"end":{"line":12,"column":996}},"type":"if","locations":[{"start":{"line":12,"column":886},"end":{"line":12,"column":996}},{"start":{"line":12,"column":886},"end":{"line":12,"column":996}}],"line":12},"12":{"loc":{"start":{"line":12,"column":890},"end":{"line":12,"column":920}},"type":"binary-expr","locations":[{"start":{"line":12,"column":890},"end":{"line":12,"column":894}},{"start":{"line":12,"column":899},"end":{"line":12,"column":907}},{"start":{"line":12,"column":911},"end":{"line":12,"column":919}}],"line":12},"13":{"loc":{"start":{"line":12,"column":1020},"end":{"line":12,"column":1056}},"type":"if","locations":[{"start":{"line":12,"column":1020},"end":{"line":12,"column":1056}},{"start":{"line":12,"column":1020},"end":{"line":12,"column":1056}}],"line":12},"14":{"loc":{"start":{"line":12,"column":1103},"end":{"line":12,"column":1334}},"type":"binary-expr","locations":[{"start":{"line":12,"column":1103},"end":{"line":12,"column":1116}},{"start":{"line":12,"column":1120},"end":{"line":12,"column":1334}}],"line":12},"15":{"loc":{"start":{"line":12,"column":1234},"end":{"line":12,"column":1317}},"type":"if","locations":[{"start":{"line":12,"column":1234},"end":{"line":12,"column":1317}},{"start":{"line":12,"column":1234},"end":{"line":12,"column":1317}}],"line":12},"16":{"loc":{"start":{"line":12,"column":1424},"end":{"line":12,"column":1523}},"type":"if","locations":[{"start":{"line":12,"column":1424},"end":{"line":12,"column":1523}},{"start":{"line":12,"column":1424},"end":{"line":12,"column":1523}}],"line":12},"17":{"loc":{"start":{"line":12,"column":1657},"end":{"line":12,"column":1687}},"type":"binary-expr","locations":[{"start":{"line":12,"column":1657},"end":{"line":12,"column":1678}},{"start":{"line":12,"column":1682},"end":{"line":12,"column":1687}}],"line":12},"18":{"loc":{"start":{"line":12,"column":1719},"end":{"line":12,"column":1773}},"type":"if","locations":[{"start":{"line":12,"column":1719},"end":{"line":12,"column":1773}},{"start":{"line":12,"column":1719},"end":{"line":12,"column":1773}}],"line":12},"19":{"loc":{"start":{"line":12,"column":1894},"end":{"line":12,"column":1963}},"type":"if","locations":[{"start":{"line":12,"column":1894},"end":{"line":12,"column":1963}},{"start":{"line":12,"column":1894},"end":{"line":12,"column":1963}}],"line":12},"20":{"loc":{"start":{"line":12,"column":1963},"end":{"line":12,"column":2024}},"type":"if","locations":[{"start":{"line":12,"column":1963},"end":{"line":12,"column":2024}},{"start":{"line":12,"column":1963},"end":{"line":12,"column":2024}}],"line":12},"21":{"loc":{"start":{"line":12,"column":2093},"end":{"line":12,"column":2177}},"type":"if","locations":[{"start":{"line":12,"column":2093},"end":{"line":12,"column":2177}},{"start":{"line":12,"column":2093},"end":{"line":12,"column":2177}}],"line":12},"22":{"loc":{"start":{"line":12,"column":2097},"end":{"line":12,"column":2161}},"type":"binary-expr","locations":[{"start":{"line":12,"column":2097},"end":{"line":12,"column":2101}},{"start":{"line":12,"column":2106},"end":{"line":12,"column":2130}},{"start":{"line":12,"column":2134},"end":{"line":12,"column":2160}}],"line":12},"23":{"loc":{"start":{"line":12,"column":2261},"end":{"line":12,"column":2386}},"type":"cond-expr","locations":[{"start":{"line":12,"column":2285},"end":{"line":12,"column":2306}},{"start":{"line":12,"column":2309},"end":{"line":12,"column":2386}}],"line":12},"24":{"loc":{"start":{"line":12,"column":2345},"end":{"line":12,"column":2384}},"type":"binary-expr","locations":[{"start":{"line":12,"column":2345},"end":{"line":12,"column":2356}},{"start":{"line":12,"column":2360},"end":{"line":12,"column":2384}}],"line":12},"25":{"loc":{"start":{"line":12,"column":2453},"end":{"line":12,"column":2562}},"type":"if","locations":[{"start":{"line":12,"column":2453},"end":{"line":12,"column":2562}},{"start":{"line":12,"column":2453},"end":{"line":12,"column":2562}}],"line":12},"26":{"loc":{"start":{"line":12,"column":2617},"end":{"line":12,"column":2754}},"type":"if","locations":[{"start":{"line":12,"column":2617},"end":{"line":12,"column":2754}},{"start":{"line":12,"column":2617},"end":{"line":12,"column":2754}}],"line":12},"27":{"loc":{"start":{"line":12,"column":2621},"end":{"line":12,"column":2676}},"type":"binary-expr","locations":[{"start":{"line":12,"column":2621},"end":{"line":12,"column":2653}},{"start":{"line":12,"column":2657},"end":{"line":12,"column":2676}}],"line":12},"28":{"loc":{"start":{"line":12,"column":2789},"end":{"line":12,"column":2823}},"type":"binary-expr","locations":[{"start":{"line":12,"column":2789},"end":{"line":12,"column":2799}},{"start":{"line":12,"column":2803},"end":{"line":12,"column":2823}}],"line":12},"29":{"loc":{"start":{"line":12,"column":2899},"end":{"line":12,"column":2953}},"type":"if","locations":[{"start":{"line":12,"column":2899},"end":{"line":12,"column":2953}},{"start":{"line":12,"column":2899},"end":{"line":12,"column":2953}}],"line":12},"30":{"loc":{"start":{"line":12,"column":3004},"end":{"line":12,"column":3087}},"type":"binary-expr","locations":[{"start":{"line":12,"column":3004},"end":{"line":12,"column":3025}},{"start":{"line":12,"column":3029},"end":{"line":12,"column":3087}}],"line":12},"31":{"loc":{"start":{"line":87,"column":6},"end":{"line":89,"column":7}},"type":"if","locations":[{"start":{"line":87,"column":6},"end":{"line":89,"column":7}},{"start":{"line":87,"column":6},"end":{"line":89,"column":7}}],"line":87},"32":{"loc":{"start":{"line":101,"column":6},"end":{"line":101,"column":99}},"type":"cond-expr","locations":[{"start":{"line":101,"column":28},"end":{"line":101,"column":62}},{"start":{"line":101,"column":65},"end":{"line":101,"column":99}}],"line":101},"33":{"loc":{"start":{"line":102,"column":6},"end":{"line":102,"column":35}},"type":"if","locations":[{"start":{"line":102,"column":6},"end":{"line":102,"column":35}},{"start":{"line":102,"column":6},"end":{"line":102,"column":35}}],"line":102},"34":{"loc":{"start":{"line":103,"column":6},"end":{"line":107,"column":7}},"type":"if","locations":[{"start":{"line":103,"column":6},"end":{"line":107,"column":7}},{"start":{"line":103,"column":6},"end":{"line":107,"column":7}}],"line":103},"35":{"loc":{"start":{"line":105,"column":13},"end":{"line":107,"column":7}},"type":"if","locations":[{"start":{"line":105,"column":13},"end":{"line":107,"column":7}},{"start":{"line":105,"column":13},"end":{"line":107,"column":7}}],"line":105},"36":{"loc":{"start":{"line":119,"column":6},"end":{"line":119,"column":97}},"type":"cond-expr","locations":[{"start":{"line":119,"column":26},"end":{"line":119,"column":60}},{"start":{"line":119,"column":63},"end":{"line":119,"column":97}}],"line":119},"37":{"loc":{"start":{"line":120,"column":6},"end":{"line":124,"column":7}},"type":"if","locations":[{"start":{"line":120,"column":6},"end":{"line":124,"column":7}},{"start":{"line":120,"column":6},"end":{"line":124,"column":7}}],"line":120},"38":{"loc":{"start":{"line":122,"column":13},"end":{"line":124,"column":7}},"type":"if","locations":[{"start":{"line":122,"column":13},"end":{"line":124,"column":7}},{"start":{"line":122,"column":13},"end":{"line":124,"column":7}}],"line":122},"39":{"loc":{"start":{"line":130,"column":6},"end":{"line":130,"column":37}},"type":"if","locations":[{"start":{"line":130,"column":6},"end":{"line":130,"column":37}},{"start":{"line":130,"column":6},"end":{"line":130,"column":37}}],"line":130},"40":{"loc":{"start":{"line":131,"column":6},"end":{"line":132,"column":50}},"type":"if","locations":[{"start":{"line":131,"column":6},"end":{"line":132,"column":50}},{"start":{"line":131,"column":6},"end":{"line":132,"column":50}}],"line":131},"41":{"loc":{"start":{"line":140,"column":6},"end":{"line":149,"column":7}},"type":"if","locations":[{"start":{"line":140,"column":6},"end":{"line":149,"column":7}},{"start":{"line":140,"column":6},"end":{"line":149,"column":7}}],"line":140},"42":{"loc":{"start":{"line":141,"column":6},"end":{"line":142,"column":47}},"type":"binary-expr","locations":[{"start":{"line":141,"column":6},"end":{"line":141,"column":25}},{"start":{"line":141,"column":29},"end":{"line":141,"column":50}},{"start":{"line":142,"column":6},"end":{"line":142,"column":22}},{"start":{"line":142,"column":26},"end":{"line":142,"column":47}}],"line":141},"43":{"loc":{"start":{"line":158,"column":6},"end":{"line":167,"column":7}},"type":"if","locations":[{"start":{"line":158,"column":6},"end":{"line":167,"column":7}},{"start":{"line":158,"column":6},"end":{"line":167,"column":7}}],"line":158},"44":{"loc":{"start":{"line":159,"column":6},"end":{"line":160,"column":49}},"type":"binary-expr","locations":[{"start":{"line":159,"column":6},"end":{"line":159,"column":23}},{"start":{"line":159,"column":27},"end":{"line":159,"column":48}},{"start":{"line":160,"column":6},"end":{"line":160,"column":24}},{"start":{"line":160,"column":28},"end":{"line":160,"column":49}}],"line":159},"45":{"loc":{"start":{"line":178,"column":13},"end":{"line":178,"column":52}},"type":"binary-expr","locations":[{"start":{"line":178,"column":13},"end":{"line":178,"column":29}},{"start":{"line":178,"column":33},"end":{"line":178,"column":52}}],"line":178},"46":{"loc":{"start":{"line":189,"column":6},"end":{"line":189,"column":48}},"type":"if","locations":[{"start":{"line":189,"column":6},"end":{"line":189,"column":48}},{"start":{"line":189,"column":6},"end":{"line":189,"column":48}}],"line":189},"47":{"loc":{"start":{"line":190,"column":6},"end":{"line":190,"column":101}},"type":"if","locations":[{"start":{"line":190,"column":6},"end":{"line":190,"column":101}},{"start":{"line":190,"column":6},"end":{"line":190,"column":101}}],"line":190},"48":{"loc":{"start":{"line":191,"column":6},"end":{"line":191,"column":41}},"type":"if","locations":[{"start":{"line":191,"column":6},"end":{"line":191,"column":41}},{"start":{"line":191,"column":6},"end":{"line":191,"column":41}}],"line":191},"49":{"loc":{"start":{"line":192,"column":6},"end":{"line":192,"column":42}},"type":"if","locations":[{"start":{"line":192,"column":6},"end":{"line":192,"column":42}},{"start":{"line":192,"column":6},"end":{"line":192,"column":42}}],"line":192},"50":{"loc":{"start":{"line":216,"column":31},"end":{"line":216,"column":65}},"type":"cond-expr","locations":[{"start":{"line":216,"column":44},"end":{"line":216,"column":61}},{"start":{"line":216,"column":64},"end":{"line":216,"column":65}}],"line":216},"51":{"loc":{"start":{"line":217,"column":32},"end":{"line":217,"column":65}},"type":"cond-expr","locations":[{"start":{"line":217,"column":45},"end":{"line":217,"column":46}},{"start":{"line":217,"column":49},"end":{"line":217,"column":65}}],"line":217},"52":{"loc":{"start":{"line":219,"column":14},"end":{"line":219,"column":44}},"type":"cond-expr","locations":[{"start":{"line":219,"column":27},"end":{"line":219,"column":34}},{"start":{"line":219,"column":37},"end":{"line":219,"column":44}}],"line":219},"53":{"loc":{"start":{"line":220,"column":17},"end":{"line":220,"column":76}},"type":"cond-expr","locations":[{"start":{"line":220,"column":36},"end":{"line":220,"column":54}},{"start":{"line":220,"column":57},"end":{"line":220,"column":76}}],"line":220},"54":{"loc":{"start":{"line":226,"column":6},"end":{"line":226,"column":107}},"type":"if","locations":[{"start":{"line":226,"column":6},"end":{"line":226,"column":107}},{"start":{"line":226,"column":6},"end":{"line":226,"column":107}}],"line":226},"55":{"loc":{"start":{"line":226,"column":10},"end":{"line":226,"column":91}},"type":"binary-expr","locations":[{"start":{"line":226,"column":10},"end":{"line":226,"column":48}},{"start":{"line":226,"column":52},"end":{"line":226,"column":91}}],"line":226},"56":{"loc":{"start":{"line":232,"column":6},"end":{"line":232,"column":119}},"type":"if","locations":[{"start":{"line":232,"column":6},"end":{"line":232,"column":119}},{"start":{"line":232,"column":6},"end":{"line":232,"column":119}}],"line":232},"57":{"loc":{"start":{"line":233,"column":6},"end":{"line":233,"column":66}},"type":"if","locations":[{"start":{"line":233,"column":6},"end":{"line":233,"column":66}},{"start":{"line":233,"column":6},"end":{"line":233,"column":66}}],"line":233},"58":{"loc":{"start":{"line":242,"column":26},"end":{"line":242,"column":86}},"type":"cond-expr","locations":[{"start":{"line":242,"column":47},"end":{"line":242,"column":64}},{"start":{"line":242,"column":67},"end":{"line":242,"column":86}}],"line":242},"59":{"loc":{"start":{"line":244,"column":6},"end":{"line":247,"column":126}},"type":"if","locations":[{"start":{"line":244,"column":6},"end":{"line":247,"column":126}},{"start":{"line":244,"column":6},"end":{"line":247,"column":126}}],"line":244},"60":{"loc":{"start":{"line":245,"column":6},"end":{"line":247,"column":126}},"type":"if","locations":[{"start":{"line":245,"column":6},"end":{"line":247,"column":126}},{"start":{"line":245,"column":6},"end":{"line":247,"column":126}}],"line":245},"61":{"loc":{"start":{"line":246,"column":6},"end":{"line":247,"column":126}},"type":"if","locations":[{"start":{"line":246,"column":6},"end":{"line":247,"column":126}},{"start":{"line":246,"column":6},"end":{"line":247,"column":126}}],"line":246},"62":{"loc":{"start":{"line":249,"column":862},"end":{"line":249,"column":900}},"type":"if","locations":[{"start":{"line":249,"column":862},"end":{"line":249,"column":900}},{"start":{"line":249,"column":862},"end":{"line":249,"column":900}}],"line":249},"63":{"loc":{"start":{"line":249,"column":1202},"end":{"line":249,"column":1271}},"type":"if","locations":[{"start":{"line":249,"column":1202},"end":{"line":249,"column":1271}},{"start":{"line":249,"column":1202},"end":{"line":249,"column":1271}}],"line":249},"64":{"loc":{"start":{"line":249,"column":1297},"end":{"line":249,"column":1322}},"type":"if","locations":[{"start":{"line":249,"column":1297},"end":{"line":249,"column":1322}},{"start":{"line":249,"column":1297},"end":{"line":249,"column":1322}}],"line":249},"65":{"loc":{"start":{"line":249,"column":1322},"end":{"line":249,"column":1406}},"type":"if","locations":[{"start":{"line":249,"column":1322},"end":{"line":249,"column":1406}},{"start":{"line":249,"column":1322},"end":{"line":249,"column":1406}}],"line":249},"66":{"loc":{"start":{"line":249,"column":1406},"end":{"line":249,"column":1490}},"type":"if","locations":[{"start":{"line":249,"column":1406},"end":{"line":249,"column":1490}},{"start":{"line":249,"column":1406},"end":{"line":249,"column":1490}}],"line":249},"67":{"loc":{"start":{"line":253,"column":23},"end":{"line":253,"column":56}},"type":"cond-expr","locations":[{"start":{"line":253,"column":37},"end":{"line":253,"column":39}},{"start":{"line":253,"column":42},"end":{"line":253,"column":56}}],"line":253}},"s":{"0":1,"1":1,"2":1,"3":1,"4":1,"5":1,"6":1,"7":1,"8":1,"9":1,"10":1,"11":1,"12":0,"13":1,"14":1,"15":0,"16":1,"17":1,"18":0,"19":1,"20":1,"21":0,"22":1,"23":1,"24":1,"25":1,"26":30,"27":30,"28":30,"29":0,"30":30,"31":1,"32":1,"33":1,"34":1,"35":1,"36":0,"37":0,"38":0,"39":0,"40":0,"41":0,"42":0,"43":1,"44":4,"45":0,"46":1,"47":1,"48":3,"49":3,"50":3,"51":3,"52":3,"53":3,"54":1,"55":1,"56":1,"57":0,"58":1,"59":4,"60":0,"61":4,"62":1,"63":0,"64":1,"65":11,"66":0,"67":11,"68":1,"69":0,"70":1,"71":1,"72":1,"73":1,"74":0,"75":0,"76":1,"77":1,"78":1,"79":4,"80":4,"81":4,"82":4,"83":4,"84":0,"85":0,"86":0,"87":4,"88":0,"89":0,"90":0,"91":0,"92":0,"93":0,"94":0,"95":0,"96":0,"97":0,"98":0,"99":0,"100":0,"101":0,"102":0,"103":0,"104":0,"105":0,"106":4,"107":0,"108":0,"109":0,"110":0,"111":0,"112":0,"113":0,"114":0,"115":0,"116":0,"117":0,"118":0,"119":0,"120":0,"121":0,"122":0,"123":4,"124":0,"125":0,"126":0,"127":0,"128":0,"129":0,"130":4,"131":0,"132":0,"133":0,"134":0,"135":0,"136":0,"137":0,"138":0,"139":0,"140":0,"141":0,"142":0,"143":0,"144":0,"145":4,"146":0,"147":0,"148":0,"149":0,"150":0,"151":0,"152":0,"153":0,"154":0,"155":0,"156":0,"157":0,"158":0,"159":0,"160":0,"161":4,"162":9,"163":9,"164":9,"165":9,"166":4,"167":0,"168":0,"169":0,"170":0,"171":0,"172":0,"173":0,"174":0,"175":0,"176":0,"177":0,"178":0,"179":0,"180":0,"181":0,"182":0,"183":0,"184":0,"185":4,"186":2,"187":2,"188":2,"189":2,"190":2,"191":2,"192":4,"193":3,"194":3,"195":3,"196":3,"197":2,"198":4,"199":1,"200":1,"201":1,"202":1,"203":0,"204":1,"205":4,"206":1,"207":1,"208":1,"209":1,"210":0,"211":1,"212":1,"213":0,"214":4,"215":7,"216":7,"217":7,"218":7,"219":7,"220":7,"221":7,"222":7,"223":7,"224":7,"225":7,"226":7,"227":7,"228":7,"229":7,"230":7,"231":0,"232":7,"233":0,"234":7,"235":3,"236":4,"237":7,"238":4,"239":0,"240":0,"241":0,"242":0,"243":1,"244":0,"245":0,"246":4,"247":1,"248":4,"249":4,"250":0,"251":3,"252":3,"253":3,"254":3,"255":3,"256":3,"257":3,"258":3,"259":3,"260":3,"261":3,"262":0,"263":0,"264":0,"265":0,"266":7,"267":7,"268":7,"269":7,"270":7,"271":1,"272":1,"273":1},"f":{"0":1,"1":1,"2":0,"3":1,"4":1,"5":0,"6":4,"7":1,"8":1,"9":4,"10":1,"11":0,"12":11,"13":1,"14":1,"15":0,"16":1,"17":4,"18":0,"19":0,"20":0,"21":0,"22":0,"23":0,"24":9,"25":0,"26":2,"27":3,"28":1,"29":1,"30":7,"31":0,"32":0,"33":0,"34":0,"35":1,"36":0,"37":0,"38":4,"39":3,"40":7,"41":0},"b":{"0":[1,0],"1":[1,1],"2":[0,1],"3":[0,1],"4":[1,1],"5":[0,1],"6":[1,1],"7":[1,0],"8":[1,1],"9":[30,0],"10":[30,0],"11":[0,30],"12":[30,30,30],"13":[1,0],"14":[1,0],"15":[0,0],"16":[0,4],"17":[3,3],"18":[3,0],"19":[1,0],"20":[0,1],"21":[0,4],"22":[4,0,0],"23":[1,0],"24":[0,0],"25":[0,11],"26":[0,1],"27":[1,0],"28":[1,1],"29":[1,0],"30":[1,0],"31":[0,0],"32":[0,0],"33":[0,0],"34":[0,0],"35":[0,0],"36":[0,0],"37":[0,0],"38":[0,0],"39":[0,0],"40":[0,0],"41":[0,0],"42":[0,0,0,0],"43":[0,0],"44":[0,0,0,0],"45":[9,5],"46":[0,0],"47":[0,0],"48":[0,0],"49":[0,0],"50":[2,1],"51":[2,1],"52":[2,0],"53":[2,0],"54":[0,1],"55":[1,1],"56":[0,1],"57":[1,0],"58":[6,1],"59":[0,7],"60":[0,7],"61":[3,4],"62":[0,4],"63":[3,0],"64":[3,0],"65":[0,0],"66":[0,0],"67":[0,7]},"_coverageSchema":"43e27e138ebf9cfc5966b082cf9a028302ed4184","hash":"1e6d5ffee4fb60ba55504a6b2ea2971ae8d90ff6"}
,"/Users/egorderyabin/WebstormProjects/rn-sliding-view/styles.js": {"path":"/Users/egorderyabin/WebstormProjects/rn-sliding-view/styles.js","statementMap":{"0":{"start":{"line":1,"column":13},"end":{"line":1,"column":75}},"1":{"start":{"line":1,"column":75},"end":{"line":1,"column":100}},"2":{"start":{"line":1,"column":119},"end":{"line":1,"column":142}},"3":{"start":{"line":2,"column":35},"end":{"line":2,"column":76}},"4":{"start":{"line":7,"column":0},"end":{"line":18,"column":27}},"5":{"start":{"line":18,"column":28},"end":{"line":18,"column":55}}},"fnMap":{},"branchMap":{},"s":{"0":1,"1":1,"2":1,"3":1,"4":1,"5":1},"f":{},"b":{},"_coverageSchema":"43e27e138ebf9cfc5966b082cf9a028302ed4184","hash":"f5b1c4d0b86d7be9a02eb04bd6382bbaece35f24"}
}
