TN:
SF:/Users/egorderyabin/WebstormProjects/rn-sliding-view/constants.js
FNF:0
FNH:0
DA:1,1
DA:2,1
DA:5,1
DA:9,1
LF:4
LH:4
BRF:0
BRH:0
end_of_record
TN:
SF:/Users/egorderyabin/WebstormProjects/rn-sliding-view/index.js
FN:12,_interopRequireDefault
FN:12,_getRequireWildcardCache
FN:12,_getRequireWildcardCache
FN:12,_interopRequireWildcard
FN:12,_extends
FN:12,(anonymous_5)
FN:12,_classCallCheck
FN:12,_defineProperties
FN:12,_createClass
FN:12,_possibleConstructorReturn
FN:12,_getPrototypeOf
FN:12,_getPrototypeOf
FN:12,_assertThisInitialized
FN:12,_inherits
FN:12,_setPrototypeOf
FN:12,_setPrototypeOf
FN:35,(anonymous_16)
FN:35,SlidingView
FN:77,(anonymous_18)
FN:84,(anonymous_19)
FN:102,(anonymous_20)
FN:119,(anonymous_21)
FN:126,(anonymous_22)
FN:144,(anonymous_23)
FN:166,(anonymous_24)
FN:176,(anonymous_25)
FN:192,(anonymous_26)
FN:204,(anonymous_27)
FN:215,(anonymous_28)
FN:221,(anonymous_29)
FN:228,(anonymous_30)
FN:240,componentDidMount
FN:240,onStartShouldSetResponder
FN:240,onStartShouldSetResponderCapture
FN:240,onMoveShouldSetResponder
FN:240,onMoveShouldSetResponderCapture
FN:240,onResponderMove
FN:240,onResponderRelease
FN:240,onPanResponderTerminationRequest
FN:240,componentDidUpdate
FN:240,render
FN:264,changeVisibilityCallback
FNF:42
FNH:23
FNDA:1,_interopRequireDefault
FNDA:1,_getRequireWildcardCache
FNDA:0,_getRequireWildcardCache
FNDA:1,_interopRequireWildcard
FNDA:1,_extends
FNDA:0,(anonymous_5)
FNDA:3,_classCallCheck
FNDA:1,_defineProperties
FNDA:1,_createClass
FNDA:3,_possibleConstructorReturn
FNDA:1,_getPrototypeOf
FNDA:0,_getPrototypeOf
FNDA:9,_assertThisInitialized
FNDA:1,_inherits
FNDA:1,_setPrototypeOf
FNDA:0,_setPrototypeOf
FNDA:1,(anonymous_16)
FNDA:3,SlidingView
FNDA:0,(anonymous_18)
FNDA:0,(anonymous_19)
FNDA:0,(anonymous_20)
FNDA:0,(anonymous_21)
FNDA:0,(anonymous_22)
FNDA:0,(anonymous_23)
FNDA:8,(anonymous_24)
FNDA:0,(anonymous_25)
FNDA:2,(anonymous_26)
FNDA:3,(anonymous_27)
FNDA:1,(anonymous_28)
FNDA:1,(anonymous_29)
FNDA:6,(anonymous_30)
FNDA:3,componentDidMount
FNDA:0,onStartShouldSetResponder
FNDA:0,onStartShouldSetResponderCapture
FNDA:0,onMoveShouldSetResponder
FNDA:0,onMoveShouldSetResponderCapture
FNDA:0,onResponderMove
FNDA:0,onResponderRelease
FNDA:0,onPanResponderTerminationRequest
FNDA:3,componentDidUpdate
FNDA:6,render
FNDA:0,changeVisibilityCallback
DA:1,1
DA:3,1
DA:4,1
DA:5,1
DA:6,1
DA:7,1
DA:11,1
DA:12,30
DA:35,6
DA:73,3
DA:75,3
DA:78,0
DA:79,0
DA:81,0
DA:82,3
DA:85,0
DA:86,0
DA:87,0
DA:88,0
DA:89,0
DA:90,0
DA:92,0
DA:93,0
DA:94,0
DA:95,0
DA:96,0
DA:97,0
DA:99,0
DA:100,3
DA:103,0
DA:104,0
DA:105,0
DA:106,0
DA:107,0
DA:108,0
DA:110,0
DA:111,0
DA:112,0
DA:113,0
DA:114,0
DA:116,0
DA:117,3
DA:120,0
DA:121,0
DA:122,0
DA:123,0
DA:124,3
DA:127,0
DA:128,0
DA:129,0
DA:130,0
DA:131,0
DA:135,0
DA:139,0
DA:141,0
DA:142,3
DA:145,0
DA:146,0
DA:147,0
DA:148,0
DA:149,0
DA:153,0
DA:157,0
DA:159,0
DA:160,3
DA:167,8
DA:168,8
DA:169,8
DA:170,3
DA:176,0
DA:177,0
DA:178,0
DA:179,0
DA:180,0
DA:181,0
DA:182,0
DA:183,0
DA:184,0
DA:185,3
DA:192,2
DA:193,2
DA:194,2
DA:199,3
DA:205,3
DA:206,3
DA:207,3
DA:208,3
DA:209,2
DA:213,3
DA:216,1
DA:217,1
DA:218,1
DA:219,3
DA:222,1
DA:223,1
DA:224,1
DA:225,0
DA:226,3
DA:229,6
DA:230,6
DA:231,6
DA:232,6
DA:233,6
DA:234,6
DA:235,6
DA:236,6
DA:237,6
DA:238,3
DA:239,6
DA:240,3
DA:243,6
DA:244,6
DA:245,6
DA:250,1
DA:253,1
LF:115
LH:57
BRDA:12,0,0,1
BRDA:12,0,1,0
BRDA:12,1,0,1
BRDA:12,1,1,1
BRDA:12,2,0,0
BRDA:12,2,1,1
BRDA:12,3,0,0
BRDA:12,3,1,1
BRDA:12,4,0,1
BRDA:12,4,1,1
BRDA:12,5,0,0
BRDA:12,5,1,1
BRDA:12,6,0,1
BRDA:12,6,1,1
BRDA:12,7,0,1
BRDA:12,7,1,0
BRDA:12,8,0,1
BRDA:12,8,1,1
BRDA:12,9,0,30
BRDA:12,9,1,0
BRDA:12,10,0,30
BRDA:12,10,1,0
BRDA:12,11,0,0
BRDA:12,11,1,30
BRDA:12,12,0,30
BRDA:12,12,1,30
BRDA:12,12,2,30
BRDA:12,13,0,1
BRDA:12,13,1,0
BRDA:12,14,0,1
BRDA:12,14,1,0
BRDA:12,15,0,0
BRDA:12,15,1,0
BRDA:12,16,0,0
BRDA:12,16,1,3
BRDA:12,17,0,3
BRDA:12,17,1,3
BRDA:12,18,0,3
BRDA:12,18,1,0
BRDA:12,19,0,1
BRDA:12,19,1,0
BRDA:12,20,0,0
BRDA:12,20,1,1
BRDA:12,21,0,0
BRDA:12,21,1,3
BRDA:12,22,0,3
BRDA:12,22,1,0
BRDA:12,22,2,0
BRDA:12,23,0,1
BRDA:12,23,1,0
BRDA:12,24,0,0
BRDA:12,24,1,0
BRDA:12,25,0,0
BRDA:12,25,1,9
BRDA:12,26,0,0
BRDA:12,26,1,1
BRDA:12,27,0,1
BRDA:12,27,1,0
BRDA:12,28,0,1
BRDA:12,28,1,1
BRDA:12,29,0,1
BRDA:12,29,1,0
BRDA:12,30,0,1
BRDA:12,30,1,0
BRDA:78,31,0,0
BRDA:78,31,1,0
BRDA:92,32,0,0
BRDA:92,32,1,0
BRDA:93,33,0,0
BRDA:93,33,1,0
BRDA:94,34,0,0
BRDA:94,34,1,0
BRDA:96,35,0,0
BRDA:96,35,1,0
BRDA:110,36,0,0
BRDA:110,36,1,0
BRDA:111,37,0,0
BRDA:111,37,1,0
BRDA:113,38,0,0
BRDA:113,38,1,0
BRDA:121,39,0,0
BRDA:121,39,1,0
BRDA:122,40,0,0
BRDA:122,40,1,0
BRDA:131,41,0,0
BRDA:131,41,1,0
BRDA:132,42,0,0
BRDA:132,42,1,0
BRDA:132,42,2,0
BRDA:132,42,3,0
BRDA:149,43,0,0
BRDA:149,43,1,0
BRDA:150,44,0,0
BRDA:150,44,1,0
BRDA:150,44,2,0
BRDA:150,44,3,0
BRDA:169,45,0,8
BRDA:169,45,1,5
BRDA:180,46,0,0
BRDA:180,46,1,0
BRDA:181,47,0,0
BRDA:181,47,1,0
BRDA:182,48,0,0
BRDA:182,48,1,0
BRDA:183,49,0,0
BRDA:183,49,1,0
BRDA:207,50,0,2
BRDA:207,50,1,1
BRDA:208,51,0,2
BRDA:208,51,1,1
BRDA:210,52,0,2
BRDA:210,52,1,0
BRDA:211,53,0,2
BRDA:211,53,1,0
BRDA:217,54,0,0
BRDA:217,54,1,1
BRDA:217,55,0,1
BRDA:217,55,1,1
BRDA:223,56,0,0
BRDA:223,56,1,1
BRDA:224,57,0,1
BRDA:224,57,1,0
BRDA:233,58,0,5
BRDA:233,58,1,1
BRDA:235,59,0,0
BRDA:235,59,1,6
BRDA:236,60,0,0
BRDA:236,60,1,6
BRDA:237,61,0,3
BRDA:237,61,1,3
BRDA:240,62,0,3
BRDA:240,62,1,0
BRDA:240,63,0,3
BRDA:240,63,1,0
BRDA:240,64,0,0
BRDA:240,64,1,0
BRDA:240,65,0,0
BRDA:240,65,1,0
BRDA:244,66,0,0
BRDA:244,66,1,6
BRF:140
BRH:59
end_of_record
TN:
SF:/Users/egorderyabin/WebstormProjects/rn-sliding-view/styles.js
FNF:0
FNH:0
DA:1,1
DA:2,1
DA:7,1
DA:18,1
LF:4
LH:4
BRF:0
BRH:0
end_of_record
