TN:
SF:/Users/egorderyabin/WebstormProjects/rn-sliding-view/constants.js
FNF:0
FNH:0
DA:1,1
DA:2,1
DA:5,1
DA:9,1
LF:4
LH:4
BRF:0
BRH:0
end_of_record
TN:
SF:/Users/egorderyabin/WebstormProjects/rn-sliding-view/index.js
FN:12,_interopRequireDefault
FN:12,_getRequireWildcardCache
FN:12,_getRequireWildcardCache
FN:12,_interopRequireWildcard
FN:12,_extends
FN:12,(anonymous_5)
FN:12,_classCallCheck
FN:12,_defineProperties
FN:12,_createClass
FN:12,_possibleConstructorReturn
FN:12,_getPrototypeOf
FN:12,_getPrototypeOf
FN:12,_assertThisInitialized
FN:12,_inherits
FN:12,_setPrototypeOf
FN:12,_setPrototypeOf
FN:35,(anonymous_16)
FN:36,SlidingView
FN:86,(anonymous_18)
FN:93,(anonymous_19)
FN:111,(anonymous_20)
FN:128,(anonymous_21)
FN:135,(anonymous_22)
FN:153,(anonymous_23)
FN:175,(anonymous_24)
FN:185,(anonymous_25)
FN:201,(anonymous_26)
FN:213,(anonymous_27)
FN:224,(anonymous_28)
FN:230,(anonymous_29)
FN:237,(anonymous_30)
FN:249,onStartShouldSetResponder
FN:249,onStartShouldSetResponderCapture
FN:249,onMoveShouldSetResponder
FN:249,onMoveShouldSetResponderCapture
FN:249,onResponderMove
FN:249,onResponderRelease
FN:249,onPanResponderTerminationRequest
FN:249,componentDidMount
FN:249,componentDidUpdate
FN:249,render
FN:273,changeVisibilityCallback
FNF:42
FNH:24
FNDA:1,_interopRequireDefault
FNDA:1,_getRequireWildcardCache
FNDA:0,_getRequireWildcardCache
FNDA:1,_interopRequireWildcard
FNDA:1,_extends
FNDA:0,(anonymous_5)
FNDA:4,_classCallCheck
FNDA:1,_defineProperties
FNDA:1,_createClass
FNDA:4,_possibleConstructorReturn
FNDA:1,_getPrototypeOf
FNDA:0,_getPrototypeOf
FNDA:11,_assertThisInitialized
FNDA:1,_inherits
FNDA:1,_setPrototypeOf
FNDA:0,_setPrototypeOf
FNDA:1,(anonymous_16)
FNDA:4,SlidingView
FNDA:0,(anonymous_18)
FNDA:0,(anonymous_19)
FNDA:0,(anonymous_20)
FNDA:0,(anonymous_21)
FNDA:0,(anonymous_22)
FNDA:0,(anonymous_23)
FNDA:9,(anonymous_24)
FNDA:0,(anonymous_25)
FNDA:2,(anonymous_26)
FNDA:3,(anonymous_27)
FNDA:1,(anonymous_28)
FNDA:1,(anonymous_29)
FNDA:7,(anonymous_30)
FNDA:0,onStartShouldSetResponder
FNDA:0,onStartShouldSetResponderCapture
FNDA:0,onMoveShouldSetResponder
FNDA:0,onMoveShouldSetResponderCapture
FNDA:1,onResponderMove
FNDA:0,onResponderRelease
FNDA:0,onPanResponderTerminationRequest
FNDA:4,componentDidMount
FNDA:3,componentDidUpdate
FNDA:7,render
FNDA:0,changeVisibilityCallback
DA:1,1
DA:3,1
DA:4,1
DA:5,1
DA:6,1
DA:7,1
DA:11,1
DA:12,30
DA:35,1
DA:36,4
DA:37,4
DA:82,4
DA:84,4
DA:87,0
DA:88,0
DA:90,0
DA:91,4
DA:94,0
DA:95,0
DA:96,0
DA:97,0
DA:98,0
DA:99,0
DA:101,0
DA:102,0
DA:103,0
DA:104,0
DA:105,0
DA:106,0
DA:108,0
DA:109,4
DA:112,0
DA:113,0
DA:114,0
DA:115,0
DA:116,0
DA:117,0
DA:119,0
DA:120,0
DA:121,0
DA:122,0
DA:123,0
DA:125,0
DA:126,4
DA:129,0
DA:130,0
DA:131,0
DA:132,0
DA:133,4
DA:136,0
DA:137,0
DA:138,0
DA:139,0
DA:140,0
DA:144,0
DA:148,0
DA:150,0
DA:151,4
DA:154,0
DA:155,0
DA:156,0
DA:157,0
DA:158,0
DA:162,0
DA:166,0
DA:168,0
DA:169,4
DA:176,9
DA:177,9
DA:178,9
DA:179,4
DA:185,0
DA:186,0
DA:187,0
DA:188,0
DA:189,0
DA:190,0
DA:191,0
DA:192,0
DA:193,0
DA:194,4
DA:201,2
DA:202,2
DA:203,2
DA:208,4
DA:214,3
DA:215,3
DA:216,3
DA:217,3
DA:218,2
DA:222,4
DA:225,1
DA:226,1
DA:227,1
DA:228,4
DA:231,1
DA:232,1
DA:233,1
DA:234,0
DA:235,4
DA:238,7
DA:239,7
DA:240,7
DA:241,7
DA:242,7
DA:243,7
DA:244,7
DA:245,7
DA:246,7
DA:247,4
DA:248,7
DA:249,4
DA:252,7
DA:253,7
DA:254,7
DA:259,1
DA:262,1
LF:117
LH:59
BRDA:12,0,0,1
BRDA:12,0,1,0
BRDA:12,1,0,1
BRDA:12,1,1,1
BRDA:12,2,0,0
BRDA:12,2,1,1
BRDA:12,3,0,0
BRDA:12,3,1,1
BRDA:12,4,0,1
BRDA:12,4,1,1
BRDA:12,5,0,0
BRDA:12,5,1,1
BRDA:12,6,0,1
BRDA:12,6,1,1
BRDA:12,7,0,1
BRDA:12,7,1,0
BRDA:12,8,0,1
BRDA:12,8,1,1
BRDA:12,9,0,30
BRDA:12,9,1,0
BRDA:12,10,0,30
BRDA:12,10,1,0
BRDA:12,11,0,0
BRDA:12,11,1,30
BRDA:12,12,0,30
BRDA:12,12,1,30
BRDA:12,12,2,30
BRDA:12,13,0,1
BRDA:12,13,1,0
BRDA:12,14,0,1
BRDA:12,14,1,0
BRDA:12,15,0,0
BRDA:12,15,1,0
BRDA:12,16,0,0
BRDA:12,16,1,4
BRDA:12,17,0,3
BRDA:12,17,1,3
BRDA:12,18,0,3
BRDA:12,18,1,0
BRDA:12,19,0,1
BRDA:12,19,1,0
BRDA:12,20,0,0
BRDA:12,20,1,1
BRDA:12,21,0,0
BRDA:12,21,1,4
BRDA:12,22,0,4
BRDA:12,22,1,0
BRDA:12,22,2,0
BRDA:12,23,0,1
BRDA:12,23,1,0
BRDA:12,24,0,0
BRDA:12,24,1,0
BRDA:12,25,0,0
BRDA:12,25,1,11
BRDA:12,26,0,0
BRDA:12,26,1,1
BRDA:12,27,0,1
BRDA:12,27,1,0
BRDA:12,28,0,1
BRDA:12,28,1,1
BRDA:12,29,0,1
BRDA:12,29,1,0
BRDA:12,30,0,1
BRDA:12,30,1,0
BRDA:87,31,0,0
BRDA:87,31,1,0
BRDA:101,32,0,0
BRDA:101,32,1,0
BRDA:102,33,0,0
BRDA:102,33,1,0
BRDA:103,34,0,0
BRDA:103,34,1,0
BRDA:105,35,0,0
BRDA:105,35,1,0
BRDA:119,36,0,0
BRDA:119,36,1,0
BRDA:120,37,0,0
BRDA:120,37,1,0
BRDA:122,38,0,0
BRDA:122,38,1,0
BRDA:130,39,0,0
BRDA:130,39,1,0
BRDA:131,40,0,0
BRDA:131,40,1,0
BRDA:140,41,0,0
BRDA:140,41,1,0
BRDA:141,42,0,0
BRDA:141,42,1,0
BRDA:141,42,2,0
BRDA:141,42,3,0
BRDA:158,43,0,0
BRDA:158,43,1,0
BRDA:159,44,0,0
BRDA:159,44,1,0
BRDA:159,44,2,0
BRDA:159,44,3,0
BRDA:178,45,0,9
BRDA:178,45,1,5
BRDA:189,46,0,0
BRDA:189,46,1,0
BRDA:190,47,0,0
BRDA:190,47,1,0
BRDA:191,48,0,0
BRDA:191,48,1,0
BRDA:192,49,0,0
BRDA:192,49,1,0
BRDA:216,50,0,2
BRDA:216,50,1,1
BRDA:217,51,0,2
BRDA:217,51,1,1
BRDA:219,52,0,2
BRDA:219,52,1,0
BRDA:220,53,0,2
BRDA:220,53,1,0
BRDA:226,54,0,0
BRDA:226,54,1,1
BRDA:226,55,0,1
BRDA:226,55,1,1
BRDA:232,56,0,0
BRDA:232,56,1,1
BRDA:233,57,0,1
BRDA:233,57,1,0
BRDA:242,58,0,6
BRDA:242,58,1,1
BRDA:244,59,0,0
BRDA:244,59,1,7
BRDA:245,60,0,0
BRDA:245,60,1,7
BRDA:246,61,0,3
BRDA:246,61,1,4
BRDA:249,62,0,0
BRDA:249,62,1,4
BRDA:249,63,0,3
BRDA:249,63,1,0
BRDA:249,64,0,3
BRDA:249,64,1,0
BRDA:249,65,0,0
BRDA:249,65,1,0
BRDA:249,66,0,0
BRDA:249,66,1,0
BRDA:253,67,0,0
BRDA:253,67,1,7
BRF:142
BRH:60
end_of_record
TN:
SF:/Users/egorderyabin/WebstormProjects/rn-sliding-view/styles.js
FNF:0
FNH:0
DA:1,1
DA:2,1
DA:7,1
DA:18,1
LF:4
LH:4
BRF:0
BRH:0
end_of_record
